2025-12-27 08:56:26,server1,33.700001,1068
2025-12-27 08:56:26,server2,33,34,33
2025-12-27 08:56:27,server2,31,34,31
2025-12-27 08:56:27,server1,35.860001,1068
2025-12-27 08:56:27,server1,37.830002,1068
2025-12-27 08:56:27,server2,33,34,33
2025-12-27 08:56:28,server1,39.580002,1070
2025-12-27 08:56:28,server2,33,35,33
2025-12-27 08:56:28,server1,41.110001,1075
2025-12-27 08:56:28,server2,36,37,36
2025-12-27 08:56:29,server1,42.410000,1079
2025-12-27 08:56:29,server2,38,39,38
2025-12-27 08:56:29,server1,43.480000,1083
2025-12-27 08:56:29,server2,38,41,39
2025-12-27 08:56:30,server1,44.349998,1088
2025-12-27 08:56:30,server2,39,44,39
2025-12-27 08:56:30,server1,45.020000,1092
2025-12-27 08:56:30,server2,45,46,45
2025-12-27 08:56:31,server1,45.520000,1094
2025-12-27 08:56:31,server2,45,47,46
2025-12-27 08:56:31,server1,45.880001,1095
2025-12-27 08:56:31,server2,45,48,45
2025-12-27 08:56:32,server1,46.139999,1097
2025-12-27 08:56:32,server2,43,48,44
2025-12-27 08:56:32,server2,46,48,46
2025-12-27 08:56:32,server1,46.320000,1096
2025-12-27 08:56:33,server2,45,46,45
2025-12-27 08:56:33,server1,46.480000,1093
2025-12-27 08:56:33,server2,40,43,40
2025-12-27 08:56:33,server1,46.619999,1086
2025-12-27 08:56:34,server1,46.779999,1083
2025-12-27 08:56:34,server2,39,41,39
2025-12-27 08:56:34,server1,46.970001,1085
2025-12-27 08:56:34,server2,41,43,40
2025-12-27 08:56:35,server1,47.189999,1088
2025-12-27 08:56:35,server2,44,44,44
2025-12-27 08:56:35,server1,47.419998,1088
2025-12-27 08:56:35,server2,40,44,40
2025-12-27 08:56:36,server2,41,41,41
2025-12-27 08:56:36,server1,47.610001,1083
2025-12-27 08:56:36,server1,47.730000,1079
2025-12-27 08:56:36,server2,37,40,38
2025-12-27 08:56:37,server2,36,39,37
2025-12-27 08:56:37,server2,36,40,37
2025-12-27 08:56:37,server1,44.299999,1087
2025-12-27 08:56:38,server2,37,41,37
2025-12-27 08:56:38,server1,43.730000,1082
2025-12-27 08:56:38,server2,40,41,40
2025-12-27 08:56:38,server1,43.150002,1085
2025-12-27 08:56:39,server2,40,41,40
2025-12-27 08:56:39,server1,42.549999,1094
2025-12-27 08:56:39,server2,38,42,38
2025-12-27 08:56:39,server1,41.970001,1099
2025-12-27 08:56:40,server2,40,42,41
2025-12-27 08:56:40,server1,41.389999,1094
2025-12-27 08:56:40,server2,36,42,36
2025-12-27 08:56:40,server1,40.830002,1090
2025-12-27 08:56:41,server1,40.299999,1092
2025-12-27 08:56:41,server2,37,41,37
2025-12-27 08:56:41,server1,39.790001,1094
2025-12-27 08:56:42,server2,42,41,42
2025-12-27 08:56:42,server1,39.320000,1091
2025-12-27 08:56:42,server2,38,42,38
2025-12-27 08:56:42,server1,38.869999,1087
2025-12-27 08:56:43,server2,43,44,44
2025-12-27 08:56:43,server1,38.439999,1082
2025-12-27 08:56:43,server2,39,43,40
2025-12-27 08:56:43,server1,38.000000,1073
2025-12-27 08:56:44,server2,37,41,38
2025-12-27 08:56:44,server1,37.529999,1075
2025-12-27 08:56:44,server2,44,43,44
2025-12-27 08:56:44,server1,37.049999,1085
2025-12-27 08:56:45,server2,46,48,46
2025-12-27 08:56:45,server1,36.570000,1090
2025-12-27 08:56:45,server2,47,49,47
2025-12-27 08:56:45,server1,36.090000,1084
2025-12-27 08:56:46,server2,44,46,44
2025-12-27 08:56:46,server1,35.610001,1074
2025-12-27 08:56:46,server2,42,45,42
2025-12-27 08:56:46,server1,35.150002,1072
2025-12-27 08:56:47,server2,45,47,45
2025-12-27 08:56:47,server2,42,47,42
2025-12-27 08:56:48,server2,44,45,45
2025-12-27 08:56:48,server1,30.389999,1038
2025-12-27 08:56:48,server2,41,43,41
2025-12-27 08:56:49,server1,29.879999,1049
2025-12-27 08:56:49,server2,38,40,39
2025-12-27 08:56:49,server1,29.340000,1049
2025-12-27 08:56:49,server2,34,36,35
2025-12-27 08:56:50,server1,28.770000,1040
2025-12-27 08:56:50,server2,36,38,36
2025-12-27 08:56:50,server1,28.170000,1037
2025-12-27 08:56:50,server2,41,43,41
2025-12-27 08:56:51,server1,27.540001,1028
2025-12-27 08:56:51,server2,42,45,42
2025-12-27 08:56:51,server1,26.889999,1022
2025-12-27 08:56:51,server2,38,41,38
2025-12-27 08:56:52,server1,26.230000,1024
2025-12-27 08:56:52,server1,25.559999,1027
2025-12-27 08:56:53,server2,17,17,17
2025-12-27 08:56:53,server1,24.889999,1025
2025-12-27 08:56:53,server2,18,19,18
2025-12-27 08:56:53,server1,24.240000,1016
2025-12-27 08:56:54,server2,14,17,14
2025-12-27 08:56:54,server1,23.610001,1009
2025-12-27 08:56:54,server2,14,14,14
2025-12-27 08:56:54,server1,23.010000,1006
2025-12-27 08:56:55,server2,17,18,17
2025-12-27 08:56:55,server1,22.450001,1005
2025-12-27 08:56:55,server2,20,24,20
2025-12-27 08:56:55,server1,21.940001,1004
2025-12-27 08:56:56,server2,25,25,25
2025-12-27 08:56:56,server1,21.469999,1003
2025-12-27 08:56:56,server2,18,21,18
2025-12-27 08:56:56,server1,21.040001,999
2025-12-27 08:56:57,server2,17,19,17
2025-12-27 08:56:57,server1,20.660000,997
2025-12-27 08:56:57,server2,14,15,14
2025-12-27 08:56:58,server2,10,11,10
2025-12-27 08:56:58,server2,12,12,11
2025-12-27 08:56:59,server1,18.180000,1010
2025-12-27 08:56:59,server2,12,13,13
2025-12-27 08:56:59,server1,18.070000,1002
2025-12-27 08:56:59,server2,12,13,12
2025-12-27 08:57:00,server1,17.950001,999
2025-12-27 08:57:00,server2,9,9,9
2025-12-27 08:57:00,server1,17.850000,989
2025-12-27 08:57:00,server2,6,5,6
2025-12-27 08:57:01,server1,17.760000,985
2025-12-27 08:57:01,server2,3,3,3
2025-12-27 08:57:01,server1,17.690001,992
2025-12-27 08:57:01,server2,1,3,1
2025-12-27 08:57:02,server1,17.660000,1002
2025-12-27 08:57:02,server2,3,2,3
2025-12-27 08:57:02,server1,17.660000,1007
2025-12-27 08:57:03,server1,17.700001,1000
2025-12-27 08:57:03,server2,3,2,3
2025-12-27 08:57:03,server1,17.790001,996
2025-12-27 08:57:03,server2,-2,0,-3
2025-12-27 08:57:04,server1,17.910000,993
2025-12-27 08:57:04,server2,1,0,1
2025-12-27 08:57:04,server1,18.059999,988
2025-12-27 08:57:04,server2,-1,-2,-1
2025-12-27 08:57:05,server1,18.250000,994
2025-12-27 08:57:05,server2,-3,-3,-3
2025-12-27 08:57:05,server1,18.469999,1006
2025-12-27 08:57:05,server2,-1,1,-1
2025-12-27 08:57:06,server1,18.700001,1010
2025-12-27 08:57:06,server2,5,5,5
2025-12-27 08:57:06,server1,18.959999,1003
2025-12-27 08:57:06,server2,5,5,5
2025-12-27 08:57:07,server1,19.219999,999
2025-12-27 08:57:07,server2,1,2,1
2025-12-27 08:57:07,server1,19.490000,1001
2025-12-27 08:57:07,server2,1,0,0
2025-12-27 08:57:08,server1,19.750000,994
2025-12-27 08:57:08,server2,-4,-4,-4
2025-12-27 08:57:08,server2,-9,-8,-9
2025-12-27 08:57:09,server1,21.709999,1004
2025-12-27 08:57:09,server2,-3,-5,-3
2025-12-27 08:57:09,server1,21.260000,1001
2025-12-27 08:57:09,server2,0,0,0
2025-12-27 08:57:10,server1,20.860001,997
2025-12-27 08:57:10,server2,2,3,2
2025-12-27 08:57:10,server1,20.500000,998
2025-12-27 08:57:10,server2,1,1,1
2025-12-27 08:57:11,server1,20.180000,1004
2025-12-27 08:57:11,server2,-2,-2,-2
2025-12-27 08:57:11,server1,19.900000,1006
2025-12-27 08:57:11,server2,-6,-3,-6
2025-12-27 08:57:12,server1,19.660000,999
2025-12-27 08:57:12,server2,-2,-6,-3
2025-12-27 08:57:12,server1,19.450001,997
2025-12-27 08:57:13,server1,19.270000,1004
2025-12-27 08:57:13,server2,46,48,46
2025-12-27 08:57:13,server1,19.110001,1008
2025-12-27 08:57:14,server2,44,46,44
2025-12-27 08:57:14,server1,18.980000,1004
2025-12-27 08:57:14,server2,39,42,39
2025-12-27 08:57:14,server1,18.850000,999
2025-12-27 08:57:15,server2,40,41,40
2025-12-27 08:57:15,server1,18.740000,1000
2025-12-27 08:57:15,server2,41,43,41
2025-12-27 08:57:15,server1,18.629999,995
2025-12-27 08:57:16,server2,41,44,42
2025-12-27 08:57:16,server1,18.520000,994
2025-12-27 08:57:16,server2,39,44,39
2025-12-27 08:57:16,server1,18.420000,1001
2025-12-27 08:57:17,server2,40,41,41
2025-12-27 08:57:17,server1,18.309999,1010
2025-12-27 08:57:17,server2,37,39,37
2025-12-27 08:57:17,server1,18.200001,1011
2025-12-27 08:57:18,server2,38,39,38
2025-12-27 08:57:18,server1,18.090000,1004
2025-12-27 08:57:18,server2,37,40,37
2025-12-27 08:57:18,server1,17.969999,999
2025-12-27 08:57:19,server2,37,41,38
2025-12-27 08:57:19,server2,40,41,41
2025-12-27 08:57:19,server1,17.860001,991
2025-12-27 08:57:20,server2,38,41,38
2025-12-27 08:57:20,server2,42,42,42
2025-12-27 08:57:21,server1,31.809999,1038
2025-12-27 08:57:21,server2,40,42,40
2025-12-27 08:57:21,server1,31.360001,1032
2025-12-27 08:57:21,server2,38,41,38
2025-12-27 08:57:22,server1,30.900000,1028
2025-12-27 08:57:22,server2,41,41,42
2025-12-27 08:57:22,server1,30.410000,1037
2025-12-27 08:57:22,server2,38,42,39
2025-12-27 08:57:23,server1,29.889999,1048
2025-12-27 08:57:23,server2,44,44,44
2025-12-27 08:57:23,server1,29.350000,1049
2025-12-27 08:57:24,server1,28.780001,1041
2025-12-27 08:57:24,server1,28.180000,1037
2025-12-27 08:57:25,server2,5,5,5
2025-12-27 08:57:25,server1,27.559999,1028
2025-12-27 08:57:25,server2,1,2,1
2025-12-27 08:57:25,server1,26.910000,1022
2025-12-27 08:57:26,server2,0,0,0
2025-12-27 08:57:26,server1,26.250000,1023
2025-12-27 08:57:26,server2,-4,-5,-4
2025-12-27 08:57:26,server1,25.570000,1027
2025-12-27 08:57:27,server2,-9,-8,-9
2025-12-27 08:57:27,server1,24.910000,1026
2025-12-27 08:57:27,server2,-3,-5,-3
2025-12-27 08:57:27,server1,24.250000,1016
2025-12-27 08:57:28,server2,0,0,0
2025-12-27 08:57:28,server1,23.620001,1009
2025-12-27 08:57:28,server2,2,3,2
2025-12-27 08:57:28,server1,23.030001,1006
2025-12-27 08:57:29,server2,1,1,0
2025-12-27 08:57:29,server1,22.469999,1005
2025-12-27 08:57:29,server2,-2,-2,-2
2025-12-27 08:57:29,server1,21.950001,1004
2025-12-27 08:57:30,server2,-6,-3,-6
2025-12-27 08:57:30,server1,21.480000,1003
2025-12-27 08:57:30,server2,-2,-6,-3
2025-12-27 08:57:30,server1,21.049999,999
2025-12-27 08:57:31,server2,-5,-4,-5
2025-12-27 08:57:31,server1,20.670000,997
2025-12-27 08:57:31,server2,4,2,4
2025-12-27 08:57:32,server2,5,5,4
2025-12-27 08:57:32,server2,0,2,0
2025-12-27 08:57:32,server1,40.180000,1072
2025-12-27 08:57:33,server2,-2,-1,-2
2025-12-27 08:57:33,server1,41.630001,1076
2025-12-27 08:57:33,server2,3,1,3
2025-12-27 08:57:33,server1,42.840000,1080
2025-12-27 08:57:34,server1,43.830002,1085
2025-12-27 08:57:34,server1,44.619999,1090
2025-12-27 08:57:34,server2,38,42,38
2025-12-27 08:57:35,server1,45.220001,1093
2025-12-27 08:57:35,server2,41,42,41
2025-12-27 08:57:35,server1,45.669998,1094
2025-12-27 08:57:35,server2,36,42,36
2025-12-27 08:57:36,server1,45.990002,1096
2025-12-27 08:57:36,server2,41,41,42
2025-12-27 08:57:36,server1,46.209999,1097
2025-12-27 08:57:36,server2,38,42,38
2025-12-27 08:57:37,server1,46.380001,1095
2025-12-27 08:57:37,server2,39,43,40
2025-12-27 08:57:37,server1,46.529999,1090
2025-12-27 08:57:37,server2,41,43,41
2025-12-27 08:57:38,server1,46.680000,1084
2025-12-27 08:57:38,server2,37,41,37
2025-12-27 08:57:38,server1,46.849998,1083
2025-12-27 08:57:38,server2,43,42,43
2025-12-27 08:57:39,server1,47.049999,1086
2025-12-27 08:57:39,server2,44,47,44
2025-12-27 08:57:39,server1,47.279999,1089
2025-12-27 08:57:39,server2,46,49,47
2025-12-27 08:57:40,server1,47.500000,1086
2025-12-27 08:57:40,server2,45,47,45
2025-12-27 08:57:40,server1,47.669998,1081
2025-12-27 08:57:40,server2,41,45,42
2025-12-27 08:57:41,server1,47.750000,1079
2025-12-27 08:57:41,server2,44,46,44
2025-12-27 08:57:41,server1,47.759998,1079
2025-12-27 08:57:41,server2,44,47,44
2025-12-27 08:57:42,server2,44,46,44
2025-12-27 08:57:42,server2,43,44,43
2025-12-27 08:57:42,server1,41.410000,1094
2025-12-27 08:57:43,server2,39,41,39
2025-12-27 08:57:43,server1,40.849998,1090
2025-12-27 08:57:43,server2,36,37,36
2025-12-27 08:57:43,server1,40.320000,1092
2025-12-27 08:57:44,server2,35,37,36
2025-12-27 08:57:44,server1,39.810001,1094
2025-12-27 08:57:44,server2,40,42,41
2025-12-27 08:57:44,server1,39.340000,1091
2025-12-27 08:57:45,server2,43,45,44
2025-12-27 08:57:45,server1,38.889999,1087
2025-12-27 08:57:45,server1,38.450001,1082
2025-12-27 08:57:46,server1,38.009998,1073
2025-12-27 08:57:46,server1,37.549999,1075
2025-12-27 08:57:47,server2,39,41,40
2025-12-27 08:57:47,server1,37.070000,1084
2025-12-27 08:57:47,server2,40,43,40
2025-12-27 08:57:47,server1,36.590000,1090
2025-12-27 08:57:48,server2,44,46,44
2025-12-27 08:57:48,server1,36.099998,1084
2025-12-27 08:57:48,server2,44,47,44
2025-12-27 08:57:48,server1,35.630001,1074
2025-12-27 08:57:49,server2,46,47,47
2025-12-27 08:57:49,server1,35.160000,1072
2025-12-27 08:57:49,server2,43,48,43
2025-12-27 08:57:49,server1,34.709999,1070
2025-12-27 08:57:50,server2,48,48,48
2025-12-27 08:57:50,server1,34.270000,1063
2025-12-27 08:57:50,server2,46,47,46
2025-12-27 08:57:50,server1,33.840000,1054
2025-12-27 08:57:51,server2,42,44,42
2025-12-27 08:57:51,server1,33.410000,1045
2025-12-27 08:57:51,server2,38,41,39
2025-12-27 08:57:51,server1,32.990002,1034
2025-12-27 08:57:52,server2,37,42,38
2025-12-27 08:57:52,server1,32.570000,1031
2025-12-27 08:57:52,server2,45,44,46
2025-12-27 08:57:53,server2,42,45,42
2025-12-27 08:57:53,server2,40,42,40
2025-12-27 08:57:53,server1,47.090000,1087
2025-12-27 08:57:54,server2,39,40,39
2025-12-27 08:57:54,server1,47.320000,1089
2025-12-27 08:57:54,server2,37,39,37
2025-12-27 08:57:54,server1,47.540001,1085
2025-12-27 08:57:55,server2,37,40,38
2025-12-27 08:57:55,server1,47.689999,1080
2025-12-27 08:57:55,server2,39,41,39
2025-12-27 08:57:55,server1,47.759998,1078
2025-12-27 08:57:56,server2,39,41,39
2025-12-27 08:57:56,server1,47.750000,1079
2025-12-27 08:57:56,server2,37,41,37
2025-12-27 08:57:56,server1,47.669998,1081
2025-12-27 08:57:57,server1,47.540001,1081
2025-12-27 08:57:57,server1,47.340000,1081
2025-12-27 08:57:58,server1,47.080002,1083
2025-12-27 08:57:58,server2,41,47,41
2025-12-27 08:57:58,server1,46.779999,1084
2025-12-27 08:57:59,server2,44,45,45
2025-12-27 08:57:59,server1,46.410000,1084
2025-12-27 08:57:59,server2,41,43,41
2025-12-27 08:57:59,server1,46.000000,1082
2025-12-27 08:58:00,server2,37,40,37
2025-12-27 08:58:00,server1,45.540001,1083
2025-12-27 08:58:00,server2,34,36,34
2025-12-27 08:58:00,server1,45.049999,1085
2025-12-27 08:58:01,server2,37,39,37
2025-12-27 08:58:01,server1,44.509998,1087
2025-12-27 08:58:01,server2,41,44,42
2025-12-27 08:58:01,server1,43.950001,1084
2025-12-27 08:58:02,server2,41,45,41
2025-12-27 08:58:02,server1,43.369999,1083
2025-12-27 08:58:02,server2,38,40,38
2025-12-27 08:58:02,server1,42.779999,1091
2025-12-27 08:58:03,server2,35,36,35
2025-12-27 08:58:03,server2,35,36,35
2025-12-27 08:58:04,server2,32,34,32
2025-12-27 08:58:04,server1,36.430000,1090
2025-12-27 08:58:04,server2,28,30,28
2025-12-27 08:58:04,server1,35.950001,1080
2025-12-27 08:58:05,server2,24,26,24
2025-12-27 08:58:05,server1,35.480000,1073
2025-12-27 08:58:05,server2,18,21,18
2025-12-27 08:58:05,server1,35.020000,1072
2025-12-27 08:58:06,server2,15,16,15
2025-12-27 08:58:06,server1,34.570000,1068
2025-12-27 08:58:06,server2,16,16,16
2025-12-27 08:58:06,server1,34.130001,1061
2025-12-27 08:58:07,server2,18,19,18
2025-12-27 08:58:07,server1,33.700001,1052
2025-12-27 08:58:07,server2,16,18,16
2025-12-27 08:58:07,server1,33.279999,1042
2025-12-27 08:58:08,server1,32.860001,1032
2025-12-27 08:58:08,server1,32.430000,1032
2025-12-27 08:58:08,server2,39,41,39
2025-12-27 08:58:09,server1,32.000000,1038
2025-12-27 08:58:09,server2,39,41,39
2025-12-27 08:58:09,server1,31.559999,1035
2025-12-27 08:58:09,server2,37,41,38
2025-12-27 08:58:10,server1,31.100000,1028
2025-12-27 08:58:10,server2,37,42,38
2025-12-27 08:58:10,server1,30.620001,1032
2025-12-27 08:58:10,server2,42,42,42
2025-12-27 08:58:11,server1,30.120001,1044
2025-12-27 08:58:11,server2,38,42,38
2025-12-27 08:58:11,server1,29.590000,1050
2025-12-27 08:58:11,server2,41,41,41
2025-12-27 08:58:12,server1,29.030001,1044
2025-12-27 08:58:12,server2,39,42,40
2025-12-27 08:58:12,server1,28.450001,1038
2025-12-27 08:58:12,server2,38,43,38
2025-12-27 08:58:13,server1,27.830000,1033
2025-12-27 08:58:13,server2,40,44,41
2025-12-27 08:58:13,server1,27.200001,1024
2025-12-27 08:58:13,server2,38,41,38
2025-12-27 08:58:14,server1,26.540001,1022
2025-12-27 08:58:14,server2,42,42,43
2025-12-27 08:58:14,server1,25.870001,1025
2025-12-27 08:58:14,server2,44,46,44
2025-12-27 08:58:15,server2,46,49,47
2025-12-27 08:58:15,server2,45,47,45
2025-12-27 08:58:15,server1,46.790001,1084
2025-12-27 08:58:16,server2,43,45,43
2025-12-27 08:58:16,server1,46.439999,1084
2025-12-27 08:58:16,server2,43,46,44
2025-12-27 08:58:16,server1,46.029999,1082
2025-12-27 08:58:17,server2,44,47,45
2025-12-27 08:58:17,server1,45.570000,1083
2025-12-27 08:58:17,server2,42,46,42
2025-12-27 08:58:17,server1,45.070000,1085
2025-12-27 08:58:18,server1,44.540001,1087
2025-12-27 08:58:18,server1,43.980000,1084
2025-12-27 08:58:19,server2,34,35,33
2025-12-27 08:58:19,server1,43.400002,1083
2025-12-27 08:58:19,server2,30,31,30
2025-12-27 08:58:19,server1,42.810001,1090
2025-12-27 08:58:20,server2,26,27,26
2025-12-27 08:58:20,server1,42.220001,1098
2025-12-27 08:58:20,server2,20,22,20
2025-12-27 08:58:20,server1,41.639999,1096
2025-12-27 08:58:21,server2,15,17,16
2025-12-27 08:58:21,server1,41.070000,1090
2025-12-27 08:58:21,server2,15,16,16
2025-12-27 08:58:21,server1,40.529999,1091
2025-12-27 08:58:22,server2,17,18,17
2025-12-27 08:58:22,server1,40.009998,1094
2025-12-27 08:58:22,server2,17,18,18
2025-12-27 08:58:22,server1,39.529999,1093
2025-12-27 08:58:23,server2,12,15,12
2025-12-27 08:58:23,server1,39.070000,1088
2025-12-27 08:58:23,server2,18,15,18
2025-12-27 08:58:23,server1,38.630001,1085
2025-12-27 08:58:24,server2,18,21,18
2025-12-27 08:58:24,server1,38.189999,1077
2025-12-27 08:58:24,server2,24,25,25
2025-12-27 08:58:24,server1,37.740002,1073
2025-12-27 08:58:25,server2,22,23,22
2025-12-27 08:58:25,server1,37.270000,1080
2025-12-27 08:58:25,server2,18,19,18
2025-12-27 08:58:25,server1,36.779999,1089
2025-12-27 08:58:26,server2,19,17,18
2025-12-27 08:58:26,server1,36.299999,1088
2025-12-27 08:58:26,server2,11,13,12
2025-12-27 08:58:26,server1,35.820000,1077
2025-12-27 08:58:27,server2,10,11,10
2025-12-27 08:58:27,server1,35.349998,1072
2025-12-27 08:58:27,server2,12,12,12
2025-12-27 08:58:27,server1,34.889999,1071
2025-12-27 08:58:28,server2,13,14,13
2025-12-27 08:58:28,server1,34.439999,1067
2025-12-27 08:58:28,server2,9,11,9
2025-12-27 08:58:28,server1,34.009998,1058
2025-12-27 08:58:29,server2,8,6,8
2025-12-27 08:58:29,server1,33.580002,1049
2025-12-27 08:58:29,server2,4,4,3
2025-12-27 08:58:30,server1,42.020000,1078
2025-12-27 08:58:31,server1,43.169998,1081
2025-12-27 08:58:31,server2,40,42,40
2025-12-27 08:58:31,server1,44.099998,1086
2025-12-27 08:58:31,server2,38,41,38
2025-12-27 08:58:32,server1,44.820000,1091
2025-12-27 08:58:32,server2,41,41,42
2025-12-27 08:58:32,server1,45.369999,1094
2025-12-27 08:58:32,server2,39,42,39
2025-12-27 08:58:33,server1,45.779999,1095
2025-12-27 08:58:33,server2,44,44,44
2025-12-27 08:58:33,server1,46.060001,1096
2025-12-27 08:58:33,server2,40,43,41
2025-12-27 08:58:34,server1,46.270000,1097
2025-12-27 08:58:34,server2,39,41,39
2025-12-27 08:58:34,server1,46.430000,1094
2025-12-27 08:58:34,server2,43,44,44
2025-12-27 08:58:35,server1,46.570000,1088
2025-12-27 08:58:35,server2,46,48,46
2025-12-27 08:58:35,server1,46.730000,1083
2025-12-27 08:58:35,server2,46,49,47
2025-12-27 08:58:36,server1,46.910000,1084
2025-12-27 08:58:36,server2,43,46,44
2025-12-27 08:58:36,server1,47.119999,1088
2025-12-27 08:58:36,server2,42,45,42
2025-12-27 08:58:37,server1,47.349998,1089
2025-12-27 08:58:37,server2,45,47,45
2025-12-27 08:58:37,server1,47.560001,1085
2025-12-27 08:58:37,server2,41,47,42
2025-12-27 08:58:38,server1,47.700001,1080
2025-12-27 08:58:38,server2,45,45,45
2025-12-27 08:58:38,server1,47.759998,1078
2025-12-27 08:58:38,server2,41,43,41
2025-12-27 08:58:39,server1,47.740002,1079
2025-12-27 08:58:39,server2,37,40,38
2025-12-27 08:58:39,server1,47.660000,1081
2025-12-27 08:58:39,server2,35,36,34
2025-12-27 08:58:40,server1,47.509998,1081
2025-12-27 08:58:40,server1,47.310001,1082
2025-12-27 08:58:41,server1,47.049999,1083
2025-12-27 08:58:41,server2,17,15,17
2025-12-27 08:58:41,server2,17,20,17
2025-12-27 08:58:42,server2,23,25,24
2025-12-27 08:58:42,server1,19.540001,997
2025-12-27 08:58:42,server2,25,24,24
2025-12-27 08:58:42,server1,19.350000,1001
2025-12-27 08:58:43,server2,16,20,17
2025-12-27 08:58:43,server1,19.180000,1007
2025-12-27 08:58:43,server2,20,18,20
2025-12-27 08:58:43,server1,19.040001,1006
2025-12-27 08:58:44,server2,13,13,13
2025-12-27 08:58:44,server1,18.910000,1000
2025-12-27 08:58:44,server2,10,11,11
2025-12-27 08:58:44,server1,18.790001,1000
2025-12-27 08:58:45,server2,11,12,11
2025-12-27 08:58:45,server1,18.680000,998
2025-12-27 08:58:45,server2,13,13,13
2025-12-27 08:58:45,server1,18.570000,994
2025-12-27 08:58:46,server2,9,12,9
2025-12-27 08:58:46,server1,18.469999,998
2025-12-27 08:58:46,server2,8,7,9
2025-12-27 08:58:46,server1,18.360001,1006
2025-12-27 08:58:47,server2,4,4,4
2025-12-27 08:58:47,server1,18.250000,1012
2025-12-27 08:58:47,server2,3,3,3
2025-12-27 08:58:47,server1,18.139999,1007
2025-12-27 08:58:48,server2,0,2,1
2025-12-27 08:58:48,server1,18.030001,1001
2025-12-27 08:58:48,server2,0,2,0
2025-12-27 08:58:48,server1,17.910000,996
2025-12-27 08:58:49,server2,2,1,2
2025-12-27 08:58:49,server1,17.809999,986
2025-12-27 08:58:49,server2,1,-1,1
2025-12-27 08:58:49,server1,17.730000,986
2025-12-27 08:58:50,server2,-1,-2,-1
2025-12-27 08:58:50,server1,17.670000,996
2025-12-27 08:58:50,server2,1,1,1
2025-12-27 08:58:50,server1,17.650000,1005
2025-12-27 08:58:51,server1,17.670000,1005
2025-12-27 08:58:51,server1,17.730000,997
2025-12-27 08:58:51,server2,45,47,45
2025-12-27 08:58:52,server1,17.830000,996
2025-12-27 08:58:52,server2,41,47,42
2025-12-27 08:58:52,server2,45,45,45
2025-12-27 08:58:53,server2,41,43,41
2025-12-27 08:58:53,server1,47.660000,1081
2025-12-27 08:58:53,server2,37,40,38
2025-12-27 08:58:54,server1,47.750000,1079
2025-12-27 08:58:54,server2,34,36,34
2025-12-27 08:58:54,server1,47.759998,1079
2025-12-27 08:58:54,server2,37,39,37
2025-12-27 08:58:55,server1,47.689999,1081
2025-12-27 08:58:55,server2,41,44,41
2025-12-27 08:58:55,server1,47.570000,1081
2025-12-27 08:58:55,server2,41,45,42
2025-12-27 08:58:56,server1,47.389999,1081
2025-12-27 08:58:56,server2,38,40,38
2025-12-27 08:58:56,server1,47.139999,1083
2025-12-27 08:58:56,server2,35,36,35
2025-12-27 08:58:57,server1,46.849998,1084
2025-12-27 08:58:57,server2,35,36,35
2025-12-27 08:58:57,server1,46.500000,1084
2025-12-27 08:58:57,server2,32,34,32
2025-12-27 08:58:58,server1,46.090000,1082
2025-12-27 08:58:58,server2,28,30,28
2025-12-27 08:58:58,server1,45.650002,1082
2025-12-27 08:58:58,server2,24,26,25
2025-12-27 08:58:59,server1,45.160000,1085
2025-12-27 08:58:59,server2,19,21,19
2025-12-27 08:58:59,server1,44.630001,1087
2025-12-27 08:58:59,server2,15,16,15
2025-12-27 08:59:00,server1,44.070000,1085
2025-12-27 08:59:00,server2,16,16,16
2025-12-27 08:59:00,server1,43.500000,1082
2025-12-27 08:59:00,server2,18,19,18
2025-12-27 08:59:01,server1,42.910000,1089
2025-12-27 08:59:01,server2,16,18,16
2025-12-27 08:59:01,server1,42.320000,1097
2025-12-27 08:59:01,server2,11,14,12
2025-12-27 08:59:02,server1,41.730000,1097
2025-12-27 08:59:02,server2,16,16,17
2025-12-27 08:59:02,server1,41.160000,1091
2025-12-27 08:59:04,server1,35.310001,1072
2025-12-27 08:59:04,server2,38,42,39
2025-12-27 08:59:04,server1,34.849998,1071
2025-12-27 08:59:04,server2,42,43,43
2025-12-27 08:59:05,server1,34.410000,1066
2025-12-27 08:59:05,server2,42,45,43
2025-12-27 08:59:05,server1,33.970001,1057
2025-12-27 08:59:05,server2,40,43,40
2025-12-27 08:59:06,server1,33.549999,1049
2025-12-27 08:59:06,server2,39,40,40
2025-12-27 08:59:06,server1,33.130001,1038
2025-12-27 08:59:06,server2,36,39,36
2025-12-27 08:59:07,server1,32.700001,1031
2025-12-27 08:59:07,server2,36,40,36
2025-12-27 08:59:07,server1,32.279999,1034
2025-12-27 08:59:07,server2,39,40,39
2025-12-27 08:59:08,server1,31.850000,1038
2025-12-27 08:59:08,server2,38,41,39
2025-12-27 08:59:08,server1,31.400000,1033
2025-12-27 08:59:08,server2,38,41,39
2025-12-27 08:59:09,server1,30.930000,1028
2025-12-27 08:59:09,server2,38,41,38
2025-12-27 08:59:09,server1,30.450001,1036
2025-12-27 08:59:09,server2,42,42,42
2025-12-27 08:59:10,server1,29.940001,1048
2025-12-27 08:59:10,server2,39,42,39
2025-12-27 08:59:10,server1,29.400000,1049
2025-12-27 08:59:10,server2,38,41,39
2025-12-27 08:59:11,server1,28.830000,1041
2025-12-27 08:59:11,server2,40,41,40
2025-12-27 08:59:11,server1,28.230000,1037
2025-12-27 08:59:11,server2,38,43,38
2025-12-27 08:59:12,server1,27.610001,1029
2025-12-27 08:59:12,server2,42,44,43
2025-12-27 08:59:12,server1,26.959999,1022
2025-12-27 08:59:12,server2,41,42,42
2025-12-27 08:59:13,server1,26.299999,1023
2025-12-27 08:59:13,server2,40,41,40
2025-12-27 08:59:13,server1,25.629999,1026
2025-12-27 08:59:13,server2,42,45,43
2025-12-27 08:59:14,server1,24.959999,1026
2025-12-27 08:59:14,server1,24.299999,1017
2025-12-27 08:59:15,server2,32,34,32
2025-12-27 08:59:15,server1,44.130001,1085
2025-12-27 08:59:16,server2,28,30,28
2025-12-27 08:59:16,server1,43.560001,1082
2025-12-27 08:59:16,server2,24,26,24
2025-12-27 08:59:16,server1,42.970001,1088
2025-12-27 08:59:17,server2,18,21,18
2025-12-27 08:59:17,server1,42.369999,1097
2025-12-27 08:59:17,server2,15,16,15
2025-12-27 08:59:17,server1,41.790001,1098
2025-12-27 08:59:18,server2,16,16,16
2025-12-27 08:59:18,server1,41.220001,1092
2025-12-27 08:59:18,server2,18,19,18
2025-12-27 08:59:18,server1,40.669998,1090
2025-12-27 08:59:19,server2,15,18,15
2025-12-27 08:59:19,server1,40.139999,1093
2025-12-27 08:59:19,server2,12,14,12
2025-12-27 08:59:19,server1,39.650002,1094
2025-12-27 08:59:20,server2,16,16,16
2025-12-27 08:59:20,server1,39.180000,1089
2025-12-27 08:59:20,server2,19,22,19
2025-12-27 08:59:20,server1,38.740002,1086
2025-12-27 08:59:21,server2,27,25,27
2025-12-27 08:59:21,server1,38.299999,1079
2025-12-27 08:59:21,server2,21,22,20
2025-12-27 08:59:21,server1,37.860001,1072
2025-12-27 08:59:22,server2,18,19,18
2025-12-27 08:59:22,server1,37.389999,1078
2025-12-27 08:59:22,server2,16,16,16
2025-12-27 08:59:22,server1,36.910000,1087
2025-12-27 08:59:23,server2,11,12,11
2025-12-27 08:59:23,server1,36.419998,1090
2025-12-27 08:59:23,server2,11,11,12
2025-12-27 08:59:23,server1,35.939999,1080
2025-12-27 08:59:24,server2,12,13,12
2025-12-27 08:59:24,server1,35.470001,1073
2025-12-27 08:59:24,server2,12,14,13
2025-12-27 08:59:24,server1,35.009998,1072
2025-12-27 08:59:25,server1,34.560001,1068
2025-12-27 08:59:25,server1,34.119999,1060
2025-12-27 08:59:25,server2,43,46,43
2025-12-27 08:59:26,server1,33.689999,1052
2025-12-27 08:59:26,server2,46,49,47
2025-12-27 08:59:26,server2,46,48,45
2025-12-27 08:59:27,server2,43,45,43
2025-12-27 08:59:27,server1,46.430000,1094
2025-12-27 08:59:27,server2,44,46,44
2025-12-27 08:59:28,server1,46.580002,1088
2025-12-27 08:59:28,server2,44,47,45
2025-12-27 08:59:28,server1,46.730000,1083
2025-12-27 08:59:28,server2,42,46,42
2025-12-27 08:59:29,server1,46.910000,1084
2025-12-27 08:59:29,server2,43,44,43
2025-12-27 08:59:29,server1,47.119999,1088
2025-12-27 08:59:29,server2,39,42,39
2025-12-27 08:59:30,server1,47.349998,1089
2025-12-27 08:59:30,server2,35,38,35
2025-12-27 08:59:30,server1,47.560001,1084
2025-12-27 08:59:30,server2,35,37,36
2025-12-27 08:59:31,server1,47.700001,1080
2025-12-27 08:59:31,server2,38,41,38
2025-12-27 08:59:31,server1,47.759998,1078
2025-12-27 08:59:31,server2,43,45,43
2025-12-27 08:59:32,server1,47.740002,1079
2025-12-27 08:59:32,server2,39,43,40
2025-12-27 08:59:32,server1,47.660000,1081
2025-12-27 08:59:32,server2,37,38,38
2025-12-27 08:59:33,server1,47.509998,1081
2025-12-27 08:59:33,server2,34,36,34
2025-12-27 08:59:33,server1,47.299999,1082
2025-12-27 08:59:33,server2,34,35,33
2025-12-27 08:59:34,server1,47.040001,1083
2025-12-27 08:59:34,server2,30,33,31
2025-12-27 08:59:34,server1,46.730000,1084
2025-12-27 08:59:34,server2,27,28,27
2025-12-27 08:59:35,server1,46.360001,1083
2025-12-27 08:59:35,server1,45.939999,1082
2025-12-27 08:59:36,server1,45.470001,1083
2025-12-27 08:59:36,server2,4,4,4
2025-12-27 08:59:36,server1,44.970001,1086
2025-12-27 08:59:36,server2,1,1,1
2025-12-27 08:59:37,server1,44.430000,1087
2025-12-27 08:59:37,server2,-3,0,-3
2025-12-27 08:59:37,server2,0,0,0
2025-12-27 08:59:38,server2,-2,-3,-2
2025-12-27 08:59:38,server2,-3,-2,-3
2025-12-27 08:59:39,server1,36.820000,1068
2025-12-27 08:59:39,server2,3,2,4
2025-12-27 08:59:39,server1,38.689999,1069
2025-12-27 08:59:39,server2,5,5,5
2025-12-27 08:59:40,server1,40.340000,1072
2025-12-27 08:59:40,server2,5,5,5
2025-12-27 08:59:40,server1,41.750000,1077
2025-12-27 08:59:40,server2,-1,1,-1
2025-12-27 08:59:41,server2,0,-1,-1
2025-12-27 08:59:41,server2,-4,-5,-3
2025-12-27 08:59:42,server2,-7,-8,-8
2025-12-27 08:59:42,server2,-3,-4,-3
2025-12-27 08:59:43,server2,2,1,1
2025-12-27 08:59:43,server2,4,3,4
2025-12-27 08:59:44,server2,0,0,0
2025-12-27 08:59:44,server2,-2,-2,-2
2025-12-27 08:59:45,server2,-6,-4,-5
2025-12-27 08:59:45,server2,-4,-6,-4
2025-12-27 08:59:46,server1,42.950001,1081
2025-12-27 08:59:46,server2,-4,-3,-4
2025-12-27 08:59:46,server1,43.919998,1085
2025-12-27 08:59:46,server2,5,3,5
2025-12-27 08:59:47,server1,44.689999,1090
2025-12-27 08:59:47,server2,5,5,5
2025-12-27 08:59:47,server1,45.270000,1093
2025-12-27 08:59:48,server1,45.700001,1094
2025-12-27 08:59:48,server1,46.009998,1096
2025-12-27 08:59:48,server2,45,44,45
2025-12-27 08:59:49,server1,46.230000,1097
2025-12-27 08:59:49,server2,43,45,43
2025-12-27 08:59:49,server1,46.400002,1095
2025-12-27 08:59:49,server2,40,42,40
2025-12-27 08:59:50,server1,46.540001,1089
2025-12-27 08:59:50,server2,39,40,40
2025-12-27 08:59:50,server1,46.689999,1083
2025-12-27 08:59:50,server2,36,39,37
2025-12-27 08:59:51,server2,37,40,37
2025-12-27 08:59:51,server2,39,40,39
2025-12-27 08:59:52,server2,39,41,39
2025-12-27 08:59:52,server2,37,41,37
2025-12-27 08:59:53,server2,38,42,38
2025-12-27 08:59:53,server2,42,42,42
2025-12-27 08:59:54,server2,37,42,38
2025-12-27 08:59:54,server2,40,41,40
2025-12-27 08:59:55,server2,39,41,40
2025-12-27 08:59:55,server1,46.869999,1084
2025-12-27 08:59:55,server2,38,43,38
2025-12-27 08:59:56,server2,41,44,41
2025-12-27 08:59:56,server2,40,42,40
2025-12-27 08:59:57,server2,41,42,42
2025-12-27 08:59:57,server2,43,46,43
2025-12-27 08:59:59,server2,31,33,31
2025-12-27 08:59:59,server2,29,29,29
2025-12-27 09:00:00,server2,24,25,23
2025-12-27 09:00:00,server2,19,19,19
2025-12-27 09:00:01,server2,14,16,15
2025-12-27 09:00:01,server2,17,17,17
2025-12-27 09:00:01,server1,45.790001,1082
2025-12-27 09:00:02,server2,18,19,18
2025-12-27 09:00:02,server1,45.310001,1084
2025-12-27 09:00:02,server2,14,17,14
2025-12-27 09:00:02,server1,44.799999,1087
2025-12-27 09:00:03,server2,14,14,15
2025-12-27 09:00:03,server1,44.250000,1086
2025-12-27 09:00:03,server2,17,18,17
2025-12-27 09:00:03,server1,43.680000,1082
2025-12-27 09:00:04,server2,20,23,20
2025-12-27 09:00:04,server1,43.090000,1086
2025-12-27 09:00:04,server2,25,25,26
2025-12-27 09:00:04,server1,42.500000,1095
2025-12-27 09:00:05,server2,19,21,19
2025-12-27 09:00:05,server1,41.910000,1098
2025-12-27 09:00:05,server2,17,19,17
2025-12-27 09:00:05,server1,41.340000,1093
2025-12-27 09:00:06,server2,14,15,14
2025-12-27 09:00:06,server1,40.779999,1090
2025-12-27 09:00:06,server2,10,11,11
2025-12-27 09:00:06,server1,40.250000,1093
2025-12-27 09:00:07,server2,12,11,12
2025-12-27 09:00:07,server1,39.750000,1094
2025-12-27 09:00:07,server2,12,13,13
2025-12-27 09:00:07,server1,39.279999,1090
2025-12-27 09:00:08,server2,12,13,12
2025-12-27 09:00:08,server1,38.830002,1087
2025-12-27 09:00:08,server2,9,9,9
2025-12-27 09:00:08,server1,38.400002,1081
2025-12-27 09:00:09,server2,6,5,6
2025-12-27 09:00:09,server1,37.959999,1073
2025-12-27 09:00:09,server2,3,3,3
2025-12-27 09:00:09,server1,37.490002,1076
2025-12-27 09:00:10,server2,1,3,1
2025-12-27 09:00:10,server1,37.009998,1085
2025-12-27 09:00:10,server1,36.529999,1090
2025-12-27 09:00:11,server1,36.040001,1083
2025-12-27 09:00:11,server1,35.570000,1073
2025-12-27 09:00:12,server2,4,2,3
2025-12-27 09:00:12,server1,35.099998,1072
2025-12-27 09:00:12,server2,2,2,2
2025-12-27 09:00:12,server1,34.650002,1069
2025-12-27 09:00:13,server2,37,41,38
2025-12-27 09:00:14,server1,27.920000,1034
2025-12-27 09:00:14,server2,44,43,44
2025-12-27 09:00:14,server1,27.290001,1025
2025-12-27 09:00:14,server2,44,48,45
2025-12-27 09:00:15,server1,26.629999,1022
2025-12-27 09:00:15,server2,47,49,47
2025-12-27 09:00:15,server1,25.969999,1025
2025-12-27 09:00:15,server2,44,46,45
2025-12-27 09:00:16,server1,25.290001,1027
2025-12-27 09:00:16,server2,42,45,42
2025-12-27 09:00:16,server1,24.629999,1022
2025-12-27 09:00:16,server2,44,46,44
2025-12-27 09:00:17,server1,23.990000,1012
2025-12-27 09:00:17,server2,43,47,43
2025-12-27 09:00:17,server1,23.370001,1008
2025-12-27 09:00:17,server2,44,45,45
2025-12-27 09:00:18,server1,22.790001,1005
2025-12-27 09:00:18,server2,41,43,41
2025-12-27 09:00:18,server1,22.250000,1005
2025-12-27 09:00:18,server2,39,41,40
2025-12-27 09:00:19,server1,21.750000,1004
2025-12-27 09:00:19,server2,35,36,35
2025-12-27 09:00:19,server1,21.299999,1001
2025-12-27 09:00:19,server2,36,38,36
2025-12-27 09:00:20,server1,20.889999,997
2025-12-27 09:00:20,server2,41,43,41
2025-12-27 09:00:20,server1,20.530001,998
2025-12-27 09:00:20,server2,43,45,43
2025-12-27 09:00:21,server1,20.209999,1003
2025-12-27 09:00:21,server2,38,41,38
2025-12-27 09:00:21,server1,19.930000,1006
2025-12-27 09:00:21,server2,34,37,34
2025-12-27 09:00:22,server1,19.680000,1000
2025-12-27 09:00:22,server2,36,36,37
2025-12-27 09:00:22,server1,19.469999,997
2025-12-27 09:00:22,server2,34,35,33
2025-12-27 09:00:23,server2,30,31,30
2025-12-27 09:00:23,server1,19.290001,1003
2025-12-27 09:00:23,server1,19.129999,1008
2025-12-27 09:00:24,server2,40,41,40
2025-12-27 09:00:24,server1,38.000000,1073
2025-12-27 09:00:25,server2,41,43,41
2025-12-27 09:00:25,server1,37.540001,1075
2025-12-27 09:00:25,server2,41,44,42
2025-12-27 09:00:25,server1,37.060001,1085
2025-12-27 09:00:26,server2,39,44,39
2025-12-27 09:00:26,server1,36.570000,1090
2025-12-27 09:00:26,server2,40,41,40
2025-12-27 09:00:26,server1,36.090000,1084
2025-12-27 09:00:27,server2,37,39,37
2025-12-27 09:00:27,server1,35.610001,1074
2025-12-27 09:00:27,server2,38,39,38
2025-12-27 09:00:27,server1,35.150002,1072
2025-12-27 09:00:28,server2,37,40,38
2025-12-27 09:00:28,server1,34.700001,1070
2025-12-27 09:00:28,server2,38,41,38
2025-12-27 09:00:28,server1,34.250000,1063
2025-12-27 09:00:29,server2,40,41,41
2025-12-27 09:00:29,server1,33.820000,1054
2025-12-27 09:00:29,server2,38,41,39
2025-12-27 09:00:29,server1,33.400002,1045
2025-12-27 09:00:30,server2,42,42,42
2025-12-27 09:00:30,server1,32.980000,1034
2025-12-27 09:00:30,server2,40,42,40
2025-12-27 09:00:31,server1,32.560001,1031
2025-12-27 09:00:31,server2,38,41,38
2025-12-27 09:00:31,server1,32.130001,1036
2025-12-27 09:00:31,server2,41,41,42
2025-12-27 09:00:32,server1,31.690001,1037
2025-12-27 09:00:32,server2,39,42,39
2025-12-27 09:00:32,server1,31.240000,1030
2025-12-27 09:00:32,server2,44,44,44
2025-12-27 09:00:33,server1,30.770000,1030
2025-12-27 09:00:33,server2,40,43,41
2025-12-27 09:00:33,server1,30.270000,1041
2025-12-27 09:00:33,server2,39,41,39
2025-12-27 09:00:34,server1,29.750000,1050
2025-12-27 09:00:34,server1,29.200001,1047
2025-12-27 09:00:35,server1,28.620001,1039
2025-12-27 09:00:35,server2,39,41,39
2025-12-27 09:00:35,server1,28.020000,1035
2025-12-27 09:00:35,server2,44,45,44
2025-12-27 09:00:36,server2,39,43,39
2025-12-27 09:00:36,server2,36,37,36
2025-12-27 09:00:36,server1,47.720001,1080
2025-12-27 09:00:37,server2,34,36,34
2025-12-27 09:00:37,server1,47.619999,1081
2025-12-27 09:00:37,server2,33,35,34
2025-12-27 09:00:37,server1,47.450001,1081
2025-12-27 09:00:38,server2,29,32,30
2025-12-27 09:00:38,server1,47.230000,1082
2025-12-27 09:00:38,server2,27,28,27
2025-12-27 09:00:38,server1,46.950001,1084
2025-12-27 09:00:39,server2,21,23,21
2025-12-27 09:00:39,server1,46.610001,1084
2025-12-27 09:00:39,server2,17,18,18
2025-12-27 09:00:39,server1,46.230000,1083
2025-12-27 09:00:40,server2,14,16,15
2025-12-27 09:00:40,server1,45.790001,1082
2025-12-27 09:00:40,server2,17,18,18
2025-12-27 09:00:40,server1,45.320000,1084
2025-12-27 09:00:41,server2,18,19,18
2025-12-27 09:00:41,server1,44.799999,1087
2025-12-27 09:00:41,server2,14,16,14
2025-12-27 09:00:41,server1,44.250000,1086
2025-12-27 09:00:42,server2,16,14,16
2025-12-27 09:00:42,server1,43.680000,1082
2025-12-27 09:00:42,server2,17,19,17
2025-12-27 09:00:42,server1,43.099998,1086
2025-12-27 09:00:43,server2,23,25,23
2025-12-27 09:00:43,server1,42.509998,1095
2025-12-27 09:00:43,server2,25,24,25
2025-12-27 09:00:43,server1,41.919998,1098
2025-12-27 09:00:44,server2,16,20,16
2025-12-27 09:00:44,server1,41.340000,1093
2025-12-27 09:00:44,server1,40.779999,1090
2025-12-27 09:00:45,server1,40.250000,1093
2025-12-27 09:00:45,server2,1,-1,1
2025-12-27 09:00:45,server1,39.750000,1094
2025-12-27 09:00:45,server2,-1,-1,-1
2025-12-27 09:00:46,server1,39.279999,1091
2025-12-27 09:00:46,server2,1,1,1
2025-12-27 09:00:46,server1,38.840000,1087
2025-12-27 09:00:46,server2,3,3,3
2025-12-27 09:00:47,server1,38.400002,1081
2025-12-27 09:00:47,server2,-2,0,-2
2025-12-27 09:00:47,server2,1,-2,1
2025-12-27 09:00:48,server2,1,1,1
2025-12-27 09:00:48,server1,34.770000,1068
2025-12-27 09:00:48,server2,4,4,4
2025-12-27 09:00:49,server1,36.840000,1068
2025-12-27 09:00:49,server2,4,3,4
2025-12-27 09:00:49,server1,38.709999,1069
2025-12-27 09:00:49,server2,-4,0,-3
2025-12-27 09:00:50,server1,40.349998,1072
2025-12-27 09:00:50,server2,2,0,2
2025-12-27 09:00:50,server1,41.770000,1077
2025-12-27 09:00:50,server2,0,-2,0
2025-12-27 09:00:51,server1,42.959999,1081
2025-12-27 09:00:51,server2,-3,-3,-3
2025-12-27 09:00:51,server1,43.930000,1085
2025-12-27 09:00:51,server2,-2,0,-2
2025-12-27 09:00:52,server1,44.689999,1090
2025-12-27 09:00:52,server2,6,4,6
2025-12-27 09:00:52,server1,45.279999,1093
2025-12-27 09:00:52,server2,5,6,5
2025-12-27 09:00:53,server1,45.709999,1094
2025-12-27 09:00:53,server2,2,3,2
2025-12-27 09:00:53,server1,46.009998,1096
2025-12-27 09:00:53,server2,0,0,0
2025-12-27 09:00:54,server1,46.230000,1097
2025-12-27 09:00:54,server2,-5,-3,-5
2025-12-27 09:00:54,server1,46.400002,1095
2025-12-27 09:00:55,server1,46.540001,1089
2025-12-27 09:00:55,server1,46.689999,1083
2025-12-27 09:00:56,server1,46.869999,1084
2025-12-27 09:00:56,server2,45,46,45
2025-12-27 09:00:56,server1,47.070000,1087
2025-12-27 09:00:56,server2,45,47,45
2025-12-27 09:00:57,server1,47.299999,1089
2025-12-27 09:00:57,server2,46,48,46
2025-12-27 09:00:57,server1,47.520000,1086
2025-12-27 09:00:57,server2,44,48,43
2025-12-27 09:00:58,server1,47.680000,1080
2025-12-27 09:00:58,server2,46,48,46
2025-12-27 09:00:58,server1,47.750000,1078
2025-12-27 09:00:58,server2,45,47,45
2025-12-27 09:00:59,server2,40,43,40
2025-12-27 09:00:59,server2,39,41,39
2025-12-27 09:01:00,server2,39,42,40
2025-12-27 09:01:00,server1,45.419998,1083
2025-12-27 09:01:00,server2,45,44,45
2025-12-27 09:01:00,server1,44.910000,1086
2025-12-27 09:01:01,server2,40,44,40
2025-12-27 09:01:01,server1,44.369999,1087
2025-12-27 09:01:01,server2,41,42,41
2025-12-27 09:01:01,server1,43.799999,1083
2025-12-27 09:01:02,server2,37,40,38
2025-12-27 09:01:02,server1,43.220001,1084
2025-12-27 09:01:02,server2,37,39,37
2025-12-27 09:01:02,server1,42.630001,1093
2025-12-27 09:01:03,server2,36,40,37
2025-12-27 09:01:03,server1,42.040001,1099
2025-12-27 09:01:03,server2,37,41,38
2025-12-27 09:01:03,server1,41.459999,1094
2025-12-27 09:01:04,server2,40,41,40
2025-12-27 09:01:04,server1,40.900002,1090
2025-12-27 09:01:04,server2,40,41,40
2025-12-27 09:01:04,server1,40.360001,1092
2025-12-27 09:01:05,server1,39.849998,1094
2025-12-27 09:01:05,server1,39.380001,1092
2025-12-27 09:01:06,server1,38.930000,1087
2025-12-27 09:01:06,server2,43,44,43
2025-12-27 09:01:06,server1,38.490002,1083
2025-12-27 09:01:07,server2,39,41,39
2025-12-27 09:01:07,server1,38.049999,1074
2025-12-27 09:01:07,server2,36,37,36
2025-12-27 09:01:07,server1,37.590000,1074
2025-12-27 09:01:08,server2,35,37,36
2025-12-27 09:01:08,server1,37.110001,1083
2025-12-27 09:01:08,server2,40,42,40
2025-12-27 09:01:08,server1,36.630001,1090
2025-12-27 09:01:09,server2,43,45,44
2025-12-27 09:01:09,server2,38,42,38
2025-12-27 09:01:10,server2,34,37,35
2025-12-27 09:01:10,server1,27.430000,1027
2025-12-27 09:01:10,server2,35,36,36
2025-12-27 09:01:10,server1,26.770000,1022
2025-12-27 09:01:11,server2,34,35,35
2025-12-27 09:01:11,server1,26.110001,1024
2025-12-27 09:01:11,server2,29,32,30
2025-12-27 09:01:11,server1,25.440001,1027
2025-12-27 09:01:12,server2,27,27,27
2025-12-27 09:01:12,server1,24.770000,1024
2025-12-27 09:01:12,server2,21,23,21
2025-12-27 09:01:12,server1,24.120001,1014
2025-12-27 09:01:13,server2,17,17,17
2025-12-27 09:01:13,server1,23.500000,1008
2025-12-27 09:01:13,server2,15,16,15
2025-12-27 09:01:13,server1,22.910000,1006
2025-12-27 09:01:14,server2,17,18,17
2025-12-27 09:01:14,server1,22.360001,1005
2025-12-27 09:01:14,server2,18,19,18
2025-12-27 09:01:14,server1,21.850000,1004
2025-12-27 09:01:15,server2,12,15,12
2025-12-27 09:01:15,server1,21.389999,1002
2025-12-27 09:01:15,server2,17,15,18
2025-12-27 09:01:15,server1,20.969999,998
2025-12-27 09:01:16,server1,20.600000,997
2025-12-27 09:01:16,server1,20.270000,1002
2025-12-27 09:01:17,server1,19.980000,1006
2025-12-27 09:01:17,server2,42,42,42
2025-12-27 09:01:17,server1,19.730000,1001
2025-12-27 09:01:17,server2,39,42,40
2025-12-27 09:01:18,server1,19.510000,997
2025-12-27 09:01:18,server2,38,41,37
2025-12-27 09:01:18,server1,19.320000,1002
2025-12-27 09:01:18,server2,42,41,42
2025-12-27 09:01:19,server1,19.160000,1008
2025-12-27 09:01:19,server2,38,42,39
2025-12-27 09:01:19,server1,19.010000,1005
2025-12-27 09:01:19,server2,44,44,44
2025-12-27 09:01:20,server1,18.889999,1000
2025-12-27 09:01:20,server2,39,43,40
2025-12-27 09:01:20,server2,38,41,38
2025-12-27 09:01:21,server2,43,43,44
2025-12-27 09:01:21,server1,18.090000,1004
2025-12-27 09:01:21,server2,46,48,46
2025-12-27 09:01:21,server1,17.980000,1000
2025-12-27 09:01:22,server2,46,49,47
2025-12-27 09:01:22,server1,17.870001,992
2025-12-27 09:01:22,server2,43,46,44
2025-12-27 09:01:22,server1,17.770000,984
2025-12-27 09:01:23,server2,42,45,42
2025-12-27 09:01:23,server1,17.700001,990
2025-12-27 09:01:23,server2,45,47,45
2025-12-27 09:01:23,server1,17.660000,1000
2025-12-27 09:01:24,server2,42,47,42
2025-12-27 09:01:24,server1,17.660000,1007
2025-12-27 09:01:24,server2,45,45,45
2025-12-27 09:01:24,server1,17.690001,1002
2025-12-27 09:01:25,server2,41,43,41
2025-12-27 09:01:25,server1,17.760000,996
2025-12-27 09:01:25,server2,38,40,38
2025-12-27 09:01:25,server1,17.879999,994
2025-12-27 09:01:26,server2,34,36,35
2025-12-27 09:01:26,server1,18.030001,989
2025-12-27 09:01:26,server2,36,38,37
2025-12-27 09:01:26,server1,18.209999,992
2025-12-27 09:01:27,server2,41,43,41
2025-12-27 09:01:27,server1,18.420000,1003
2025-12-27 09:01:27,server2,42,45,42
2025-12-27 09:01:27,server1,18.650000,1010
2025-12-27 09:01:28,server2,38,41,38
2025-12-27 09:01:28,server1,18.900000,1005
2025-12-27 09:01:28,server2,34,36,35
2025-12-27 09:01:28,server1,19.160000,999
2025-12-27 09:01:29,server2,36,36,36
2025-12-27 09:01:29,server1,19.430000,1001
2025-12-27 09:01:29,server2,32,34,32
2025-12-27 09:01:29,server1,19.690001,996
2025-12-27 09:01:30,server2,29,31,29
2025-12-27 09:01:30,server1,19.950001,987
2025-12-27 09:01:30,server2,25,26,25
2025-12-27 09:01:31,server1,41.430000,1094
2025-12-27 09:01:32,server1,40.869999,1090
2025-12-27 09:01:32,server1,40.330002,1092
2025-12-27 09:01:33,server1,39.830002,1094
2025-12-27 09:01:33,server2,19,21,19
2025-12-27 09:01:33,server1,39.349998,1091
2025-12-27 09:01:34,server2,15,16,15
2025-12-27 09:01:34,server1,38.900002,1087
2025-12-27 09:01:34,server2,16,16,16
2025-12-27 09:01:34,server1,38.470001,1083
2025-12-27 09:01:35,server2,17,19,18
2025-12-27 09:01:35,server1,38.029999,1074
2025-12-27 09:01:35,server2,17,18,17
2025-12-27 09:01:35,server1,37.570000,1075
2025-12-27 09:01:36,server1,37.090000,1084
2025-12-27 09:01:36,server1,36.599998,1090
2025-12-27 09:01:37,server2,18,19,18
2025-12-27 09:01:37,server1,36.119999,1084
2025-12-27 09:01:37,server2,16,17,17
2025-12-27 09:01:37,server1,35.639999,1074
2025-12-27 09:01:38,server2,11,12,11
2025-12-27 09:01:38,server1,35.180000,1072
2025-12-27 09:01:38,server2,10,11,10
2025-12-27 09:01:38,server1,34.720001,1070
2025-12-27 09:01:39,server2,12,13,12
2025-12-27 09:01:39,server1,34.279999,1064
2025-12-27 09:01:39,server2,13,14,13
2025-12-27 09:01:39,server1,33.849998,1055
2025-12-27 09:01:40,server2,9,11,9
2025-12-27 09:01:40,server1,33.419998,1046
2025-12-27 09:01:40,server2,7,6,7
2025-12-27 09:01:40,server1,33.000000,1035
2025-12-27 09:01:41,server2,3,4,3
2025-12-27 09:01:41,server1,32.580002,1031
2025-12-27 09:01:41,server2,0,3,1
2025-12-27 09:01:41,server1,32.160000,1036
2025-12-27 09:01:42,server2,3,2,2
2025-12-27 09:01:42,server2,0,2,0
2025-12-27 09:01:43,server1,24.740000,1024
2025-12-27 09:01:43,server2,-1,0,0
2025-12-27 09:01:43,server2,1,-2,1
2025-12-27 09:01:43,server1,24.090000,1014
2025-12-27 09:01:44,server2,-2,-1,-2
2025-12-27 09:01:44,server1,23.469999,1008
2025-12-27 09:01:44,server2,2,2,2
2025-12-27 09:01:44,server1,22.879999,1005
2025-12-27 09:01:45,server2,3,3,3
2025-12-27 09:01:45,server1,22.330000,1005
2025-12-27 09:01:45,server2,-3,0,-3
2025-12-27 09:01:45,server1,21.830000,1004
2025-12-27 09:01:46,server2,1,-1,1
2025-12-27 09:01:46,server1,21.370001,1002
2025-12-27 09:01:46,server2,2,2,1
2025-12-27 09:01:46,server1,20.950001,998
2025-12-27 09:01:47,server2,4,4,4
2025-12-27 09:01:47,server1,20.580000,997
2025-12-27 09:01:47,server1,20.250000,1002
2025-12-27 09:01:48,server1,19.969999,1006
2025-12-27 09:01:48,server1,19.719999,1001
2025-12-27 09:01:49,server1,19.500000,997
2025-12-27 09:01:49,server1,19.309999,1002
2025-12-27 09:01:50,server1,19.150000,1008
2025-12-27 09:01:50,server1,19.010000,1005
2025-12-27 09:01:51,server1,18.879999,1000
2025-12-27 09:01:51,server1,18.760000,1000
2025-12-27 09:01:52,server1,18.650000,997
2025-12-27 09:01:54,server1,23.190001,1039
2025-12-27 09:01:54,server1,25.870001,1045
2025-12-27 09:01:55,server1,28.480000,1054
2025-12-27 09:01:55,server1,30.980000,1063
2025-12-27 09:01:56,server1,33.340000,1068
2025-12-27 09:01:56,server1,35.529999,1068
2025-12-27 09:01:57,server1,37.529999,1068
2025-12-27 09:01:57,server1,39.320000,1070
2025-12-27 09:01:58,server1,40.880001,1074
2025-12-27 09:01:58,server1,42.220001,1078
2025-12-27 09:01:58,server2,16,15,17
2025-12-27 09:01:59,server1,43.330002,1082
2025-12-27 09:01:59,server2,17,20,17
2025-12-27 09:01:59,server1,44.220001,1087
2025-12-27 09:01:59,server2,23,25,24
2025-12-27 09:02:00,server1,44.919998,1092
2025-12-27 09:02:00,server2,25,24,25
2025-12-27 09:02:00,server1,45.450001,1094
2025-12-27 09:02:00,server2,16,20,16
2025-12-27 09:02:01,server1,45.830002,1095
2025-12-27 09:02:01,server2,20,18,20
2025-12-27 09:02:01,server1,46.099998,1097
2025-12-27 09:02:01,server2,13,13,13
2025-12-27 09:02:02,server1,46.299999,1096
2025-12-27 09:02:02,server2,10,11,11
2025-12-27 09:02:02,server1,46.450001,1093
2025-12-27 09:02:02,server2,11,12,11
2025-12-27 09:02:03,server1,46.599998,1087
2025-12-27 09:02:03,server2,13,13,13
2025-12-27 09:02:03,server2,9,12,9
2025-12-27 09:02:04,server2,8,7,9
2025-12-27 09:02:04,server2,4,4,4
2025-12-27 09:02:04,server1,20.590000,997
2025-12-27 09:02:05,server2,3,3,3
2025-12-27 09:02:05,server1,20.260000,1002
2025-12-27 09:02:05,server2,0,2,1
2025-12-27 09:02:05,server1,19.969999,1006
2025-12-27 09:02:06,server2,0,2,1
2025-12-27 09:02:06,server1,19.719999,1001
2025-12-27 09:02:06,server2,2,1,3
2025-12-27 09:02:06,server1,19.510000,997
2025-12-27 09:02:07,server2,1,-1,1
2025-12-27 09:02:07,server1,19.320000,1002
2025-12-27 09:02:07,server1,19.150000,1008
2025-12-27 09:02:08,server1,19.010000,1005
2025-12-27 09:02:08,server2,19,20,20
2025-12-27 09:02:08,server1,18.879999,1000
2025-12-27 09:02:09,server2,21,23,22
2025-12-27 09:02:09,server1,18.770000,1000
2025-12-27 09:02:09,server2,25,28,26
2025-12-27 09:02:09,server1,18.660000,997
2025-12-27 09:02:10,server2,31,32,31
2025-12-27 09:02:10,server1,18.549999,994
2025-12-27 09:02:10,server2,33,34,33
2025-12-27 09:02:10,server1,18.450001,999
2025-12-27 09:02:11,server2,31,34,31
2025-12-27 09:02:11,server1,18.340000,1008
2025-12-27 09:02:11,server2,32,34,33
2025-12-27 09:02:11,server1,18.230000,1012
2025-12-27 09:02:12,server2,33,35,33
2025-12-27 09:02:12,server1,18.120001,1006
2025-12-27 09:02:12,server2,36,37,36
2025-12-27 09:02:12,server1,18.000000,1000
2025-12-27 09:02:13,server2,37,39,38
2025-12-27 09:02:13,server1,17.889999,994
2025-12-27 09:02:13,server2,38,41,38
2025-12-27 09:02:13,server1,17.790001,985
2025-12-27 09:02:14,server2,39,44,39
2025-12-27 09:02:14,server2,45,46,45
2025-12-27 09:02:15,server2,45,47,46
2025-12-27 09:02:15,server1,28.170000,1037
2025-12-27 09:02:15,server2,45,48,45
2025-12-27 09:02:15,server1,27.549999,1028
2025-12-27 09:02:16,server2,44,48,44
2025-12-27 09:02:16,server1,26.900000,1022
2025-12-27 09:02:16,server2,46,48,46
2025-12-27 09:02:16,server1,26.230000,1024
2025-12-27 09:02:17,server2,45,46,45
2025-12-27 09:02:17,server1,25.559999,1027
2025-12-27 09:02:17,server2,39,43,40
2025-12-27 09:02:17,server1,24.889999,1026
2025-12-27 09:02:18,server2,39,41,40
2025-12-27 09:02:18,server1,24.240000,1016
2025-12-27 09:02:18,server1,23.610001,1009
2025-12-27 09:02:19,server1,23.020000,1006
2025-12-27 09:02:19,server2,1,1,1
2025-12-27 09:02:19,server1,22.459999,1005
2025-12-27 09:02:19,server2,3,3,3
2025-12-27 09:02:20,server1,21.940001,1004
2025-12-27 09:02:20,server2,-2,1,-2
2025-12-27 09:02:20,server1,21.469999,1003
2025-12-27 09:02:20,server2,1,-2,1
2025-12-27 09:02:21,server1,21.049999,999
2025-12-27 09:02:21,server2,1,1,1
2025-12-27 09:02:21,server1,20.670000,997
2025-12-27 09:02:21,server2,4,4,4
2025-12-27 09:02:22,server1,20.330000,1001
2025-12-27 09:02:22,server2,3,3,3
2025-12-27 09:02:22,server1,20.030001,1006
2025-12-27 09:02:22,server2,-3,0,-3
2025-12-27 09:02:23,server1,19.770000,1003
2025-12-27 09:02:23,server2,2,0,2
2025-12-27 09:02:23,server1,19.549999,997
2025-12-27 09:02:23,server2,0,-2,0
2025-12-27 09:02:24,server1,19.360001,1000
2025-12-27 09:02:24,server2,-2,-3,-3
2025-12-27 09:02:24,server2,-2,-1,-2
2025-12-27 09:02:25,server2,5,4,6
2025-12-27 09:02:25,server1,24.059999,1041
2025-12-27 09:02:25,server2,5,6,5
2025-12-27 09:02:26,server1,26.719999,1047
2025-12-27 09:02:26,server2,2,3,2
2025-12-27 09:02:26,server1,29.290001,1058
2025-12-27 09:02:26,server2,0,0,0
2025-12-27 09:02:27,server1,31.750000,1065
2025-12-27 09:02:27,server2,-4,-3,-5
2025-12-27 09:02:27,server1,34.060001,1068
2025-12-27 09:02:27,server2,-8,-7,-8
2025-12-27 09:02:28,server1,36.189999,1068
2025-12-27 09:02:28,server2,-3,-6,-3
2025-12-27 09:02:28,server1,38.130001,1068
2025-12-27 09:02:28,server2,0,-1,0
2025-12-27 09:02:29,server1,39.840000,1071
2025-12-27 09:02:29,server1,41.330002,1075
2025-12-27 09:02:30,server1,42.599998,1079
2025-12-27 09:02:30,server1,43.639999,1084
2025-12-27 09:02:30,server2,14,14,15
2025-12-27 09:02:31,server1,44.470001,1089
2025-12-27 09:02:31,server2,17,18,17
2025-12-27 09:02:31,server1,45.110001,1093
2025-12-27 09:02:31,server2,20,24,20
2025-12-27 09:02:32,server1,45.580002,1094
2025-12-27 09:02:32,server2,25,25,25
2025-12-27 09:02:32,server1,45.930000,1096
2025-12-27 09:02:32,server2,18,21,18
2025-12-27 09:02:33,server1,46.169998,1097
2025-12-27 09:02:33,server2,17,19,17
2025-12-27 09:02:33,server1,46.349998,1096
2025-12-27 09:02:33,server2,14,15,14
2025-12-27 09:02:34,server1,46.500000,1092
2025-12-27 09:02:34,server2,10,11,10
2025-12-27 09:02:34,server1,46.639999,1085
2025-12-27 09:02:34,server2,12,11,11
2025-12-27 09:02:35,server1,46.810001,1083
2025-12-27 09:02:35,server2,12,13,13
2025-12-27 09:02:35,server1,47.000000,1086
2025-12-27 09:02:35,server2,12,13,12
2025-12-27 09:02:36,server1,47.230000,1089
2025-12-27 09:02:36,server2,9,9,9
2025-12-27 09:02:36,server1,47.450001,1088
2025-12-27 09:02:36,server2,6,5,6
2025-12-27 09:02:37,server2,3,3,3
2025-12-27 09:02:37,server2,1,3,1
2025-12-27 09:02:38,server2,4,2,3
2025-12-27 09:02:38,server1,46.040001,1082
2025-12-27 09:02:38,server2,2,2,3
2025-12-27 09:02:38,server1,45.580002,1083
2025-12-27 09:02:39,server2,-2,0,-2
2025-12-27 09:02:39,server1,45.090000,1085
2025-12-27 09:02:39,server1,44.549999,1088
2025-12-27 09:02:40,server1,44.000000,1084
2025-12-27 09:02:40,server2,2,3,2
2025-12-27 09:02:40,server1,43.419998,1083
2025-12-27 09:02:40,server2,0,0,0
2025-12-27 09:02:41,server1,42.830002,1090
2025-12-27 09:02:41,server2,-5,-3,-5
2025-12-27 09:02:41,server1,42.240002,1098
2025-12-27 09:02:41,server2,-8,-7,-8
2025-12-27 09:02:42,server1,41.650002,1097
2025-12-27 09:02:42,server2,-3,-6,-3
2025-12-27 09:02:42,server1,41.080002,1091
2025-12-27 09:02:42,server2,0,-1,0
2025-12-27 09:02:43,server1,40.540001,1091
2025-12-27 09:02:43,server2,3,3,3
2025-12-27 09:02:43,server1,40.020000,1094
2025-12-27 09:02:43,server2,2,2,2
2025-12-27 09:02:44,server1,39.540001,1093
2025-12-27 09:02:44,server2,-1,-2,-1
2025-12-27 09:02:44,server1,39.080002,1088
2025-12-27 09:02:44,server2,-4,-2,-4
2025-12-27 09:02:45,server1,38.639999,1085
2025-12-27 09:02:45,server2,-2,-5,-3
2025-12-27 09:02:46,server2,-4,-5,-4
2025-12-27 09:02:45,server1,38.200001,1077
2025-12-27 09:02:52,server2,12,13,12
2025-12-27 09:02:52,server1,32.160000,1036
2025-12-27 09:02:52,server2,13,14,13
2025-12-27 09:02:53,server1,31.719999,1038
2025-12-27 09:02:53,server2,8,11,9
2025-12-27 09:02:53,server1,31.270000,1030
2025-12-27 09:02:53,server2,7,6,7
2025-12-27 09:02:54,server1,30.799999,1029
2025-12-27 09:02:54,server2,3,4,3
2025-12-27 09:02:54,server1,30.309999,1040
2025-12-27 09:02:54,server2,1,3,1
2025-12-27 09:02:55,server1,29.790001,1050
2025-12-27 09:02:55,server2,2,2,2
2025-12-27 09:02:55,server1,29.240000,1047
2025-12-27 09:02:55,server2,0,2,0
2025-12-27 09:02:56,server1,28.670000,1039
2025-12-27 09:02:56,server2,0,1,0
2025-12-27 09:02:56,server1,28.059999,1036
2025-12-27 09:02:56,server2,1,-2,1
2025-12-27 09:02:57,server1,27.430000,1027
2025-12-27 09:02:57,server2,-2,-1,-2
2025-12-27 09:02:57,server1,26.780001,1022
2025-12-27 09:02:57,server2,2,2,2
2025-12-27 09:02:58,server1,26.110001,1024
2025-12-27 09:02:58,server2,4,3,3
2025-12-27 09:02:58,server1,25.440001,1027
2025-12-27 09:02:58,server2,-3,0,-3
2025-12-27 09:02:59,server1,24.780001,1024
2025-12-27 09:02:59,server2,1,-1,1
2025-12-27 09:02:59,server1,24.129999,1014
2025-12-27 09:02:59,server2,2,2,1
2025-12-27 09:03:00,server1,23.500000,1008
2025-12-27 09:03:00,server2,4,4,4
2025-12-27 09:03:00,server1,22.910000,1006
2025-12-27 09:03:00,server2,3,2,3
2025-12-27 09:03:01,server1,22.360001,1005
2025-12-27 09:03:01,server2,-2,0,-3
2025-12-27 09:03:01,server1,21.860001,1004
2025-12-27 09:03:01,server2,2,0,1
2025-12-27 09:03:02,server1,21.389999,1002
2025-12-27 09:03:03,server2,20,22,20
2025-12-27 09:03:03,server1,18.680000,998
2025-12-27 09:03:03,server2,16,17,16
2025-12-27 09:03:03,server1,18.570000,994
2025-12-27 09:03:04,server2,15,16,15
2025-12-27 09:03:04,server1,18.469999,997
2025-12-27 09:03:04,server2,17,18,17
2025-12-27 09:03:04,server1,18.360001,1006
2025-12-27 09:03:05,server2,18,18,18
2025-12-27 09:03:05,server1,18.250000,1012
2025-12-27 09:03:05,server2,12,15,12
2025-12-27 09:03:05,server1,18.139999,1007
2025-12-27 09:03:06,server2,18,15,18
2025-12-27 09:03:06,server1,18.030001,1001
2025-12-27 09:03:06,server2,18,21,18
2025-12-27 09:03:06,server1,17.910000,996
2025-12-27 09:03:07,server2,24,25,25
2025-12-27 09:03:07,server1,17.809999,986
2025-12-27 09:03:07,server2,22,23,22
2025-12-27 09:03:07,server1,17.730000,986
2025-12-27 09:03:08,server2,17,19,18
2025-12-27 09:03:08,server1,17.670000,996
2025-12-27 09:03:08,server2,19,17,19
2025-12-27 09:03:08,server1,17.650000,1005
2025-12-27 09:03:09,server2,11,13,12
2025-12-27 09:03:09,server1,17.670000,1005
2025-12-27 09:03:09,server2,10,11,10
2025-12-27 09:03:09,server1,17.730000,997
2025-12-27 09:03:10,server2,11,12,12
2025-12-27 09:03:10,server1,17.830000,996
2025-12-27 09:03:10,server2,13,14,13
2025-12-27 09:03:10,server1,17.959999,991
2025-12-27 09:03:11,server2,9,12,9
2025-12-27 09:03:11,server1,18.129999,989
2025-12-27 09:03:11,server2,8,7,8
2025-12-27 09:03:11,server1,18.330000,998
2025-12-27 09:03:12,server2,3,4,3
2025-12-27 09:03:12,server1,18.549999,1009
2025-12-27 09:03:12,server1,18.790001,1008
2025-12-27 09:03:13,server2,1,2,1
2025-12-27 09:03:13,server2,3,4,3
2025-12-27 09:03:14,server1,27.959999,1035
2025-12-27 09:03:14,server2,2,2,2
2025-12-27 09:03:14,server1,27.330000,1025
2025-12-27 09:03:14,server2,-3,0,-3
2025-12-27 09:03:15,server1,26.670000,1022
2025-12-27 09:03:15,server2,0,0,1
2025-12-27 09:03:15,server1,26.010000,1025
2025-12-27 09:03:15,server2,-1,-3,-1
2025-12-27 09:03:16,server1,25.340000,1027
2025-12-27 09:03:16,server2,-3,-3,-3
2025-12-27 09:03:16,server1,24.670000,1023
2025-12-27 09:03:16,server2,1,1,1
2025-12-27 09:03:17,server1,24.020000,1013
2025-12-27 09:03:17,server2,5,5,5
2025-12-27 09:03:17,server1,23.410000,1008
2025-12-27 09:03:17,server2,5,5,5
2025-12-27 09:03:18,server1,22.820000,1005
2025-12-27 09:03:18,server2,0,2,0
2025-12-27 09:03:18,server1,22.280001,1005
2025-12-27 09:03:18,server2,0,0,0
2025-12-27 09:03:19,server1,21.780001,1004
2025-12-27 09:03:19,server2,-4,-5,-4
2025-12-27 09:03:19,server1,21.320000,1002
2025-12-27 09:03:19,server2,-9,-8,-9
2025-12-27 09:03:20,server1,20.910000,997
2025-12-27 09:03:20,server2,-3,-5,-3
2025-12-27 09:03:20,server1,20.549999,998
2025-12-27 09:03:20,server2,1,1,1
2025-12-27 09:03:21,server1,20.219999,1003
2025-12-27 09:03:21,server2,2,3,2
2025-12-27 09:03:21,server1,19.940001,1006
2025-12-27 09:03:21,server2,0,0,0
2025-12-27 09:03:22,server1,19.690001,1000
2025-12-27 09:03:22,server2,-1,-2,-2
2025-12-27 09:03:22,server1,19.480000,997
2025-12-27 09:03:22,server2,-6,-3,-6
2025-12-27 09:03:23,server1,19.299999,1003
2025-12-27 09:03:23,server2,-3,-6,-3
2025-12-27 09:03:23,server1,19.139999,1008
2025-12-27 09:03:23,server2,-5,-3,-5
2025-12-27 09:03:24,server1,37.869999,1072
2025-12-27 09:03:25,server2,18,19,18
2025-12-27 09:03:25,server1,37.400002,1078
2025-12-27 09:03:25,server2,13,15,14
2025-12-27 09:03:25,server1,36.919998,1087
2025-12-27 09:03:26,server2,9,11,10
2025-12-27 09:03:26,server1,36.430000,1090
2025-12-27 09:03:26,server2,11,12,11
2025-12-27 09:03:26,server1,35.950001,1080
2025-12-27 09:03:27,server2,14,13,13
2025-12-27 09:03:27,server1,35.480000,1073
2025-12-27 09:03:27,server2,11,13,11
2025-12-27 09:03:27,server1,35.020000,1072
2025-12-27 09:03:28,server2,9,8,9
2025-12-27 09:03:28,server1,34.570000,1069
2025-12-27 09:03:28,server2,4,5,5
2025-12-27 09:03:29,server1,34.130001,1061
2025-12-27 09:03:29,server2,2,3,3
2025-12-27 09:03:29,server1,33.700001,1052
2025-12-27 09:03:29,server2,0,3,1
2025-12-27 09:03:30,server1,33.279999,1042
2025-12-27 09:03:30,server2,3,2,3
2025-12-27 09:03:30,server1,32.860001,1032
2025-12-27 09:03:30,server2,4,1,3
2025-12-27 09:03:31,server1,32.430000,1032
2025-12-27 09:03:31,server2,-1,-1,-1
2025-12-27 09:03:31,server1,32.000000,1038
2025-12-27 09:03:31,server2,-1,-2,-1
2025-12-27 09:03:32,server1,31.559999,1035
2025-12-27 09:03:32,server2,-1,0,-1
2025-12-27 09:03:32,server1,31.100000,1028
2025-12-27 09:03:32,server2,3,3,4
2025-12-27 09:03:33,server1,30.629999,1032
2025-12-27 09:03:33,server2,1,2,1
2025-12-27 09:03:33,server1,30.120001,1044
2025-12-27 09:03:33,server2,-1,-1,-1
2025-12-27 09:03:34,server1,29.590000,1050
2025-12-27 09:03:34,server2,1,0,0
2025-12-27 09:03:34,server1,29.040001,1044
2025-12-27 09:03:35,server1,28.450001,1038
2025-12-27 09:03:35,server2,21,22,21
2025-12-27 09:03:36,server2,24,26,25
2025-12-27 09:03:36,server2,30,31,30
2025-12-27 09:03:36,server1,21.049999,999
2025-12-27 09:03:37,server2,32,34,33
2025-12-27 09:03:37,server1,20.670000,997
2025-12-27 09:03:37,server2,30,34,30
2025-12-27 09:03:37,server1,20.330000,1001
2025-12-27 09:03:38,server2,33,34,34
2025-12-27 09:03:38,server1,20.040001,1006
2025-12-27 09:03:38,server2,32,35,33
2025-12-27 09:03:38,server1,19.780001,1003
2025-12-27 09:03:39,server2,35,37,34
2025-12-27 09:03:39,server1,19.549999,997
2025-12-27 09:03:39,server2,38,39,38
2025-12-27 09:03:40,server2,39,41,39
2025-12-27 09:03:39,server1,19.360001,1000
2025-12-27 09:03:40,server1,19.190001,1007
2025-12-27 09:03:40,server2,41,43,41
2025-12-27 09:03:41,server2,44,46,45
2025-12-27 09:03:41,server2,44,47,44
2025-12-27 09:03:42,server2,46,47,47
2025-12-27 09:03:42,server2,42,48,43
2025-12-27 09:03:43,server2,47,48,48
2025-12-27 09:03:43,server2,45,47,46
2025-12-27 09:03:44,server2,41,44,42
2025-12-27 09:03:44,server2,38,41,39
2025-12-27 09:03:45,server2,37,42,38
2025-12-27 09:03:45,server1,19.040001,1007
2025-12-27 09:03:46,server2,41,42,42
2025-12-27 09:03:46,server2,37,42,37
2025-12-27 09:03:47,server2,41,41,42
2025-12-27 09:03:47,server1,33.180000,1039
2025-12-27 09:03:47,server2,38,42,39
2025-12-27 09:03:48,server1,32.759998,1031
2025-12-27 09:03:48,server2,39,43,39
2025-12-27 09:03:48,server1,32.340000,1033
2025-12-27 09:03:48,server2,41,43,41
2025-12-27 09:03:49,server1,31.900000,1038
2025-12-27 09:03:49,server2,36,41,37
2025-12-27 09:03:49,server1,31.459999,1034
2025-12-27 09:03:49,server2,43,42,43
2025-12-27 09:03:50,server1,31.000000,1028
2025-12-27 09:03:50,server2,44,47,44
2025-12-27 09:03:50,server1,30.510000,1035
2025-12-27 09:03:50,server2,46,49,47
2025-12-27 09:03:51,server1,30.000000,1046
2025-12-27 09:03:51,server2,45,47,45
2025-12-27 09:03:51,server1,29.469999,1050
2025-12-27 09:03:51,server2,42,45,43
2025-12-27 09:03:52,server1,28.900000,1042
2025-12-27 09:03:52,server2,45,46,44
2025-12-27 09:03:52,server1,28.309999,1038
2025-12-27 09:03:52,server2,44,47,44
2025-12-27 09:03:53,server1,27.690001,1031
2025-12-27 09:03:53,server2,43,46,44
2025-12-27 09:03:53,server1,27.049999,1023
2025-12-27 09:03:53,server2,43,44,43
2025-12-27 09:03:54,server1,26.389999,1023
2025-12-27 09:03:54,server2,39,41,39
2025-12-27 09:03:54,server1,25.719999,1026
2025-12-27 09:03:54,server2,36,37,36
2025-12-27 09:03:55,server1,25.049999,1027
2025-12-27 09:03:55,server2,36,37,36
2025-12-27 09:03:55,server1,24.389999,1019
2025-12-27 09:03:56,server1,23.750000,1010
2025-12-27 09:03:56,server2,35,36,35
2025-12-27 09:03:56,server1,23.150000,1006
2025-12-27 09:03:57,server2,35,38,36
2025-12-27 09:03:57,server1,22.580000,1005
2025-12-27 09:03:57,server2,38,40,38
2025-12-27 09:03:57,server1,22.059999,1005
2025-12-27 09:03:58,server2,40,43,41
2025-12-27 09:03:58,server1,21.580000,1003
2025-12-27 09:03:58,server2,42,45,43
2025-12-27 09:03:58,server1,21.139999,1000
2025-12-27 09:03:59,server2,43,47,44
2025-12-27 09:03:59,server1,20.750000,996
2025-12-27 09:03:59,server2,45,47,45
2025-12-27 09:03:59,server1,20.400000,1000
2025-12-27 09:04:00,server2,43,48,43
2025-12-27 09:04:00,server2,47,48,48
2025-12-27 09:04:00,server1,41.560001,1096
2025-12-27 09:04:01,server2,45,47,45
2025-12-27 09:04:01,server1,41.000000,1090
2025-12-27 09:04:01,server2,43,45,43
2025-12-27 09:04:01,server1,40.450001,1092
2025-12-27 09:04:02,server2,37,42,38
2025-12-27 09:04:02,server1,39.939999,1094
2025-12-27 09:04:02,server2,38,42,39
2025-12-27 09:04:02,server1,39.459999,1092
2025-12-27 09:04:03,server2,42,43,43
2025-12-27 09:04:03,server1,39.000000,1088
2025-12-27 09:04:03,server2,42,45,43
2025-12-27 09:04:03,server1,38.570000,1085
2025-12-27 09:04:04,server2,40,43,40
2025-12-27 09:04:04,server1,38.130001,1075
2025-12-27 09:04:04,server2,39,40,40
2025-12-27 09:04:04,server1,37.680000,1073
2025-12-27 09:04:05,server2,36,39,36
2025-12-27 09:04:05,server1,37.200001,1082
2025-12-27 09:04:05,server2,36,40,36
2025-12-27 09:04:05,server1,36.720001,1090
2025-12-27 09:04:06,server1,36.230000,1087
2025-12-27 09:04:06,server2,37,42,38
2025-12-27 09:04:06,server1,35.750000,1076
2025-12-27 09:04:07,server2,42,43,42
2025-12-27 09:04:07,server1,35.279999,1072
2025-12-27 09:04:07,server2,40,43,40
2025-12-27 09:04:07,server1,34.830002,1071
2025-12-27 09:04:08,server2,37,41,37
2025-12-27 09:04:08,server1,34.380001,1066
2025-12-27 09:04:08,server2,43,43,44
2025-12-27 09:04:08,server1,33.950001,1057
2025-12-27 09:04:09,server2,44,47,45
2025-12-27 09:04:09,server1,33.520000,1048
2025-12-27 09:04:09,server2,47,49,47
2025-12-27 09:04:09,server1,33.099998,1037
2025-12-27 09:04:10,server2,45,47,45
2025-12-27 09:04:10,server1,32.680000,1031
2025-12-27 09:04:10,server2,42,45,42
2025-12-27 09:04:10,server1,32.259998,1034
2025-12-27 09:04:11,server2,43,46,44
2025-12-27 09:04:11,server1,31.820000,1038
2025-12-27 09:04:11,server2,43,47,44
2025-12-27 09:04:11,server1,31.370001,1032
2025-12-27 09:04:12,server2,45,45,45
2025-12-27 09:04:12,server1,30.910000,1028
2025-12-27 09:04:12,server2,41,43,42
2025-12-27 09:04:13,server2,39,41,40
2025-12-27 09:04:13,server2,35,37,35
2025-12-27 09:04:14,server1,47.119999,1088
2025-12-27 09:04:14,server2,36,38,36
2025-12-27 09:04:14,server1,47.349998,1089
2025-12-27 09:04:14,server2,41,43,41
2025-12-27 09:04:15,server1,47.560001,1084
2025-12-27 09:04:15,server2,43,45,43
2025-12-27 09:04:15,server1,47.700001,1080
2025-12-27 09:04:15,server2,38,42,38
2025-12-27 09:04:16,server1,47.759998,1078
2025-12-27 09:04:16,server1,47.740002,1079
2025-12-27 09:04:17,server2,14,16,14
2025-12-27 09:04:17,server1,47.660000,1081
2025-12-27 09:04:17,server2,14,14,14
2025-12-27 09:04:17,server1,47.509998,1081
2025-12-27 09:04:18,server2,17,18,17
2025-12-27 09:04:18,server1,47.310001,1082
2025-12-27 09:04:18,server2,20,24,20
2025-12-27 09:04:18,server1,47.049999,1083
2025-12-27 09:04:19,server2,25,25,25
2025-12-27 09:04:19,server1,46.730000,1084
2025-12-27 09:04:19,server2,18,21,18
2025-12-27 09:04:19,server1,46.360001,1083
2025-12-27 09:04:20,server2,17,19,17
2025-12-27 09:04:20,server1,45.950001,1082
2025-12-27 09:04:20,server2,14,15,14
2025-12-27 09:04:20,server1,45.480000,1083
2025-12-27 09:04:21,server2,10,11,10
2025-12-27 09:04:21,server1,44.980000,1086
2025-12-27 09:04:21,server2,11,12,11
2025-12-27 09:04:21,server1,44.439999,1087
2025-12-27 09:04:22,server2,13,13,13
2025-12-27 09:04:22,server1,43.880001,1083
2025-12-27 09:04:22,server2,12,13,12
2025-12-27 09:04:22,server1,43.299999,1084
2025-12-27 09:04:23,server2,9,9,9
2025-12-27 09:04:23,server2,6,5,5
2025-12-27 09:04:24,server1,35.689999,1075
2025-12-27 09:04:24,server2,3,3,3
2025-12-27 09:04:24,server1,35.220001,1072
2025-12-27 09:04:24,server2,1,3,1
2025-12-27 09:04:25,server1,34.759998,1070
2025-12-27 09:04:25,server2,3,2,3
2025-12-27 09:04:25,server1,34.320000,1065
2025-12-27 09:04:25,server2,3,2,3
2025-12-27 09:04:26,server1,33.889999,1055
2025-12-27 09:04:26,server2,-1,0,-2
2025-12-27 09:04:26,server1,33.459999,1047
2025-12-27 09:04:26,server2,-1,-2,-1
2025-12-27 09:04:27,server1,33.040001,1036
2025-12-27 09:04:27,server1,32.619999,1031
2025-12-27 09:04:28,server1,32.189999,1035
2025-12-27 09:04:28,server2,45,46,44
2025-12-27 09:04:28,server1,31.760000,1038
2025-12-27 09:04:28,server2,44,47,44
2025-12-27 09:04:29,server1,31.309999,1031
2025-12-27 09:04:29,server2,43,46,43
2025-12-27 09:04:29,server1,30.840000,1029
2025-12-27 09:04:29,server2,43,44,43
2025-12-27 09:04:30,server1,30.350000,1039
2025-12-27 09:04:30,server2,39,42,39
2025-12-27 09:04:30,server1,29.830000,1049
2025-12-27 09:04:30,server2,36,37,36
2025-12-27 09:04:31,server1,29.290001,1048
2025-12-27 09:04:31,server2,36,37,36
2025-12-27 09:04:31,server1,28.709999,1040
2025-12-27 09:04:31,server2,39,42,40
2025-12-27 09:04:32,server1,28.110001,1036
2025-12-27 09:04:32,server2,43,45,44
2025-12-27 09:04:32,server1,27.480000,1027
2025-12-27 09:04:32,server2,38,42,38
2025-12-27 09:04:33,server1,26.830000,1022
2025-12-27 09:04:33,server2,35,37,35
2025-12-27 09:04:33,server1,26.170000,1024
2025-12-27 09:04:33,server2,34,36,35
2025-12-27 09:04:34,server1,25.500000,1027
2025-12-27 09:04:34,server2,34,35,34
2025-12-27 09:04:34,server1,24.830000,1025
2025-12-27 09:04:35,server2,30,32,30
2025-12-27 09:04:35,server2,27,27,27
2025-12-27 09:04:35,server1,46.209999,1083
2025-12-27 09:04:36,server2,21,23,21
2025-12-27 09:04:36,server1,45.779999,1082
2025-12-27 09:04:36,server2,17,18,17
2025-12-27 09:04:36,server1,45.299999,1084
2025-12-27 09:04:37,server2,15,16,15
2025-12-27 09:04:37,server1,44.779999,1087
2025-12-27 09:04:37,server2,17,18,17
2025-12-27 09:04:37,server1,44.230000,1086
2025-12-27 09:04:38,server2,18,19,18
2025-12-27 09:04:38,server1,43.660000,1082
2025-12-27 09:04:38,server2,13,15,13
2025-12-27 09:04:38,server1,43.080002,1086
2025-12-27 09:04:39,server1,42.480000,1095
2025-12-27 09:04:39,server1,41.889999,1098
2025-12-27 09:04:40,server1,41.320000,1093
2025-12-27 09:04:40,server2,16,15,17
2025-12-27 09:04:40,server1,40.759998,1090
2025-12-27 09:04:41,server2,17,20,17
2025-12-27 09:04:41,server1,40.240002,1093
2025-12-27 09:04:41,server1,39.740002,1094
2025-12-27 09:04:42,server1,39.270000,1090
2025-12-27 09:04:42,server2,6,5,6
2025-12-27 09:04:42,server1,38.820000,1087
2025-12-27 09:04:43,server2,3,3,3
2025-12-27 09:04:43,server1,38.380001,1081
2025-12-27 09:04:43,server2,2,3,1
2025-12-27 09:04:43,server1,37.939999,1073
2025-12-27 09:04:44,server2,3,2,4
2025-12-27 09:04:44,server1,37.480000,1076
2025-12-27 09:04:44,server2,2,2,2
2025-12-27 09:04:44,server1,37.000000,1086
2025-12-27 09:04:45,server2,-2,0,-2
2025-12-27 09:04:45,server1,36.509998,1090
2025-12-27 09:04:45,server2,0,-2,0
2025-12-27 09:04:46,server2,0,0,0
2025-12-27 09:04:46,server1,41.490002,1076
2025-12-27 09:04:46,server2,3,3,3
2025-12-27 09:04:47,server1,42.720001,1080
2025-12-27 09:04:47,server2,1,2,2
2025-12-27 09:04:47,server1,43.740002,1084
2025-12-27 09:04:47,server2,-2,-1,-2
2025-12-27 09:04:48,server1,44.549999,1089
2025-12-27 09:04:48,server2,1,-1,1
2025-12-27 09:04:48,server1,45.169998,1093
2025-12-27 09:04:48,server2,0,3,1
2025-12-27 09:04:49,server1,45.630001,1094
2025-12-27 09:04:49,server2,4,4,4
2025-12-27 09:04:49,server1,45.959999,1096
2025-12-27 09:04:49,server2,1,1,1
2025-12-27 09:04:50,server1,46.189999,1097
2025-12-27 09:04:50,server2,-2,0,-2
2025-12-27 09:04:50,server1,46.369999,1095
2025-12-27 09:04:50,server2,-1,0,-1
2025-12-27 09:04:51,server1,46.509998,1091
2025-12-27 09:04:51,server2,-2,-3,-2
2025-12-27 09:04:51,server1,46.660000,1084
2025-12-27 09:04:51,server2,-4,-2,-4
2025-12-27 09:04:52,server1,46.830002,1083
2025-12-27 09:04:52,server2,4,2,4
2025-12-27 09:04:52,server1,47.029999,1086
2025-12-27 09:04:52,server2,5,6,5
2025-12-27 09:04:53,server1,47.250000,1089
2025-12-27 09:04:53,server1,47.480000,1087
2025-12-27 09:04:54,server1,47.650002,1081
2025-12-27 09:04:54,server2,15,16,15
2025-12-27 09:04:54,server1,47.740002,1079
2025-12-27 09:04:54,server2,17,18,17
2025-12-27 09:04:55,server1,47.759998,1079
2025-12-27 09:04:55,server2,18,19,18
2025-12-27 09:04:55,server1,47.700001,1080
2025-12-27 09:04:55,server2,12,15,12
2025-12-27 09:04:56,server1,47.580002,1081
2025-12-27 09:04:56,server2,17,15,18
2025-12-27 09:04:56,server1,47.400002,1081
2025-12-27 09:04:56,server2,17,20,18
2025-12-27 09:04:57,server2,24,25,24
2025-12-27 09:04:57,server2,24,24,24
2025-12-27 09:04:58,server2,17,20,17
2025-12-27 09:04:58,server2,20,18,20
2025-12-27 09:04:59,server2,13,13,12
2025-12-27 09:04:59,server2,10,11,11
2025-12-27 09:05:00,server2,11,12,11
2025-12-27 09:05:00,server2,13,14,13
2025-12-27 09:05:01,server2,9,12,9
2025-12-27 09:05:01,server2,9,7,9
2025-12-27 09:05:02,server2,3,4,3
2025-12-27 09:05:02,server2,3,3,3
2025-12-27 09:05:03,server2,0,2,1
2025-12-27 09:05:03,server2,1,2,0
2025-12-27 09:05:04,server2,2,1,2
2025-12-27 09:05:05,server2,5,6,5
2025-12-27 09:05:05,server2,2,3,2
2025-12-27 09:05:06,server2,0,0,0
2025-12-27 09:05:06,server2,-4,-3,-4
2025-12-27 09:05:07,server2,-8,-7,-8
2025-12-27 09:05:07,server1,42.080002,1078
2025-12-27 09:05:07,server2,-4,-6,-4
2025-12-27 09:05:08,server1,43.220001,1082
2025-12-27 09:05:08,server2,0,-1,0
2025-12-27 09:05:08,server1,44.130001,1087
2025-12-27 09:05:08,server2,3,3,3
2025-12-27 09:05:09,server1,44.849998,1091
2025-12-27 09:05:09,server2,2,2,2
2025-12-27 09:05:09,server1,45.400002,1094
2025-12-27 09:05:09,server2,-1,-2,-1
2025-12-27 09:05:10,server1,45.790001,1095
2025-12-27 09:05:10,server2,-3,-2,-4
2025-12-27 09:05:10,server1,46.080002,1096
2025-12-27 09:05:10,server2,-3,-5,-3
2025-12-27 09:05:11,server1,46.279999,1097
2025-12-27 09:05:11,server2,-5,-5,-5
2025-12-27 09:05:11,server1,46.439999,1094
2025-12-27 09:05:11,server2,-3,0,-3
2025-12-27 09:05:12,server1,46.580002,1087
2025-12-27 09:05:12,server2,6,5,6
2025-12-27 09:05:12,server1,46.740002,1083
2025-12-27 09:05:12,server2,3,4,3
2025-12-27 09:05:13,server1,46.919998,1084
2025-12-27 09:05:13,server2,1,0,1
2025-12-27 09:05:13,server1,47.130001,1088
2025-12-27 09:05:13,server2,1,0,1
2025-12-27 09:05:14,server1,47.360001,1089
2025-12-27 09:05:14,server2,-1,-1,-1
2025-12-27 09:05:14,server1,47.570000,1084
2025-12-27 09:05:15,server1,47.709999,1080
2025-12-27 09:05:15,server1,47.759998,1078
2025-12-27 09:05:15,server2,37,41,38
2025-12-27 09:05:16,server1,47.740002,1080
2025-12-27 09:05:16,server2,40,41,41
2025-12-27 09:05:16,server1,47.650002,1081
2025-12-27 09:05:16,server2,38,41,39
2025-12-27 09:05:17,server2,42,42,42
2025-12-27 09:05:17,server2,40,42,40
2025-12-27 09:05:18,server2,38,41,38
2025-12-27 09:05:18,server1,44.619999,1087
2025-12-27 09:05:18,server2,41,41,42
2025-12-27 09:05:18,server1,44.060001,1085
2025-12-27 09:05:19,server2,39,42,39
2025-12-27 09:05:19,server1,43.490002,1082
2025-12-27 09:05:19,server2,44,44,44
2025-12-27 09:05:19,server1,42.900002,1089
2025-12-27 09:05:20,server2,40,43,41
2025-12-27 09:05:20,server1,42.299999,1097
2025-12-27 09:05:20,server2,39,41,39
2025-12-27 09:05:20,server1,41.720001,1097
2025-12-27 09:05:21,server2,43,44,44
2025-12-27 09:05:21,server1,41.150002,1091
2025-12-27 09:05:21,server2,46,48,46
2025-12-27 09:05:21,server1,40.599998,1091
2025-12-27 09:05:22,server2,46,49,47
2025-12-27 09:05:22,server1,40.080002,1094
2025-12-27 09:05:22,server2,43,46,44
2025-12-27 09:05:22,server1,39.590000,1093
2025-12-27 09:05:23,server2,42,45,42
2025-12-27 09:05:23,server1,39.130001,1089
2025-12-27 09:05:23,server2,45,47,45
2025-12-27 09:05:23,server1,38.689999,1086
2025-12-27 09:05:24,server2,42,47,42
2025-12-27 09:05:24,server1,38.250000,1078
2025-12-27 09:05:24,server2,45,45,45
2025-12-27 09:05:24,server1,37.799999,1072
2025-12-27 09:05:25,server2,41,43,41
2025-12-27 09:05:25,server1,37.330002,1079
2025-12-27 09:05:25,server2,37,40,38
2025-12-27 09:05:25,server1,36.849998,1088
2025-12-27 09:05:26,server2,35,36,34
2025-12-27 09:05:26,server1,36.360001,1089
2025-12-27 09:05:26,server2,37,39,37
2025-12-27 09:05:26,server1,35.880001,1079
2025-12-27 09:05:27,server2,41,43,41
2025-12-27 09:05:27,server1,35.410000,1073
2025-12-27 09:05:27,server2,41,45,42
2025-12-27 09:05:27,server1,34.950001,1071
2025-12-27 09:05:28,server2,38,40,38
2025-12-27 09:05:28,server1,34.500000,1068
2025-12-27 09:05:28,server2,35,36,35
2025-12-27 09:05:30,server2,31,33,31
2025-12-27 09:05:30,server1,46.720001,1083
2025-12-27 09:05:30,server2,29,29,29
2025-12-27 09:05:30,server1,46.900002,1084
2025-12-27 09:05:31,server2,23,25,23
2025-12-27 09:05:31,server1,47.110001,1087
2025-12-27 09:05:31,server2,19,19,19
2025-12-27 09:05:31,server1,47.340000,1089
2025-12-27 09:05:32,server2,14,16,15
2025-12-27 09:05:32,server1,47.549999,1085
2025-12-27 09:05:32,server2,16,17,17
2025-12-27 09:05:32,server1,47.700001,1080
2025-12-27 09:05:33,server2,18,19,18
2025-12-27 09:05:33,server1,47.759998,1078
2025-12-27 09:05:33,server2,14,17,14
2025-12-27 09:05:33,server1,47.740002,1079
2025-12-27 09:05:34,server2,15,14,14
2025-12-27 09:05:34,server1,47.660000,1081
2025-12-27 09:05:34,server2,17,17,17
2025-12-27 09:05:34,server1,47.520000,1081
2025-12-27 09:05:35,server2,19,23,20
2025-12-27 09:05:35,server1,47.320000,1081
2025-12-27 09:05:35,server2,26,25,26
2025-12-27 09:05:35,server1,47.060001,1083
2025-12-27 09:05:36,server2,19,21,19
2025-12-27 09:05:36,server1,46.740002,1084
2025-12-27 09:05:36,server2,17,19,18
2025-12-27 09:05:36,server1,46.380001,1083
2025-12-27 09:05:37,server2,14,15,15
2025-12-27 09:05:37,server1,45.959999,1082
2025-12-27 09:05:37,server2,10,11,11
2025-12-27 09:05:37,server1,45.500000,1083
2025-12-27 09:05:38,server2,12,11,12
2025-12-27 09:05:38,server1,45.000000,1086
2025-12-27 09:05:38,server2,12,13,13
2025-12-27 09:05:38,server1,44.459999,1087
2025-12-27 09:05:39,server2,12,13,12
2025-12-27 09:05:39,server1,43.900002,1083
2025-12-27 09:05:39,server2,9,9,9
2025-12-27 09:05:39,server1,43.320000,1083
2025-12-27 09:05:40,server2,6,5,6
2025-12-27 09:05:40,server1,42.730000,1092
2025-12-27 09:05:40,server2,3,3,3
2025-12-27 09:05:40,server1,42.139999,1098
2025-12-27 09:05:41,server1,41.549999,1096
2025-12-27 09:05:42,server2,34,36,34
2025-12-27 09:05:42,server1,41.369999,1075
2025-12-27 09:05:42,server2,33,35,34
2025-12-27 09:05:43,server2,29,32,30
2025-12-27 09:05:43,server1,42.619999,1080
2025-12-27 09:05:43,server2,27,28,27
2025-12-27 09:05:43,server1,43.660000,1084
2025-12-27 09:05:44,server2,21,24,21
2025-12-27 09:05:44,server1,44.480000,1089
2025-12-27 09:05:44,server2,17,18,18
2025-12-27 09:05:44,server1,45.119999,1093
2025-12-27 09:05:45,server2,14,16,15
2025-12-27 09:05:45,server1,45.590000,1094
2025-12-27 09:05:45,server2,18,17,18
2025-12-27 09:05:45,server1,45.930000,1096
2025-12-27 09:05:46,server2,18,19,18
2025-12-27 09:05:46,server1,46.180000,1097
2025-12-27 09:05:46,server2,14,16,14
2025-12-27 09:05:46,server1,46.349998,1096
2025-12-27 09:05:47,server2,15,14,15
2025-12-27 09:05:47,server1,46.500000,1091
2025-12-27 09:05:47,server2,17,19,17
2025-12-27 09:05:47,server1,46.650002,1085
2025-12-27 09:05:48,server2,23,24,23
2025-12-27 09:05:48,server1,46.810001,1083
2025-12-27 09:05:48,server2,25,24,25
2025-12-27 09:05:48,server1,47.009998,1086
2025-12-27 09:05:49,server2,16,20,16
2025-12-27 09:05:49,server1,47.230000,1089
2025-12-27 09:05:49,server2,19,18,20
2025-12-27 09:05:49,server1,47.459999,1087
2025-12-27 09:05:50,server2,13,14,13
2025-12-27 09:05:50,server1,47.639999,1082
2025-12-27 09:05:50,server2,10,11,10
2025-12-27 09:05:50,server1,47.740002,1079
2025-12-27 09:05:51,server2,11,12,11
2025-12-27 09:05:51,server1,47.759998,1079
2025-12-27 09:05:51,server1,47.709999,1080
2025-12-27 09:05:52,server2,1,-1,1
2025-12-27 09:05:52,server2,-1,-2,-1
2025-12-27 09:05:52,server1,44.669998,1087
2025-12-27 09:05:53,server2,1,1,1
2025-12-27 09:05:53,server1,44.119999,1085
2025-12-27 09:05:53,server2,3,3,3
2025-12-27 09:05:53,server1,43.540001,1082
2025-12-27 09:05:54,server2,-1,1,-1
2025-12-27 09:05:54,server1,42.950001,1088
2025-12-27 09:05:54,server2,0,-2,0
2025-12-27 09:05:54,server1,42.360001,1097
2025-12-27 09:05:55,server2,1,1,1
2025-12-27 09:05:55,server1,41.770000,1098
2025-12-27 09:05:55,server2,5,4,4
2025-12-27 09:05:55,server1,41.200001,1091
2025-12-27 09:05:56,server2,3,3,3
2025-12-27 09:05:56,server1,40.650002,1090
2025-12-27 09:05:56,server2,-3,0,-3
2025-12-27 09:05:56,server1,40.130001,1093
2025-12-27 09:05:57,server2,2,0,2
2025-12-27 09:05:57,server1,39.639999,1094
2025-12-27 09:05:57,server2,0,-1,-1
2025-12-27 09:05:57,server1,39.169998,1089
2025-12-27 09:05:58,server2,-3,-3,-2
2025-12-27 09:05:58,server1,38.730000,1086
2025-12-27 09:05:58,server2,-3,-1,-3
2025-12-27 09:05:58,server1,38.290001,1079
2025-12-27 09:05:59,server2,6,4,6
2025-12-27 09:05:59,server1,37.849998,1072
2025-12-27 09:05:59,server2,5,6,5
